0000000212
0000000312
0000000412
0000000512
0000000612
0000000712
0000000812
0000000912
0000001012
0000001112
0000001212
0000001312
0000001412
0000001512
0000001612
0000001712
0000001812
0000001912
0000002012
0000002112
0000002212
0000002312
0000002412
0000002512
0000002612
0000002712
0000002812
0000002912
0000003012
0000003112
0000003212
0000003312
0000003412
0000003512
0000003612
0000003712
0000003812
0000003912
0000004012
0000004112
0000004212
0000004312
0000004412
0000004512
0000004612
0000004712
0000004812
0000004912
0000005012
0000005112
0000005212
0000005312
0000005412
0000005512
0000005612
0000005712
0000005812
0000005912
0000006012
0000006112
0000006212
0000006312
0000006412
0000006512
0000006612
0000006712
0000006812
0000006912
0000007012
0000007112
0000007212
0000007312
0000007412
0000007512
0000007612
0000007712
0000007812
0000007912
0000008012
0000008112
0000008212
0000008312
0000008412
0000008512
0000008612
0000008712
0000008812
0000008912
0000009012
0000009112
0000009212
0000009312
0000009412
0000009512
0000009612
0000009712
0000009812
0000009912
0000010012
0000010112
0000010212
0000010312
0000010412
0000010512
0000010612
0000010712
0000010812
0000010912
0000011012
0000011112
0000011212
0000011312
0000011412
0000011512
0000011612
0000011712
0000011812
0000011912
0000012012
0000012112
0000012212
0000012312
0000012412
0000012512
0000012612
0000012712
0000012812
0000012912
0000013012
0000013112
0000013212
0000013312
0000013412
0000013512
0000013612
0000013712
0000013812
0000013912
0000014012
0000014112
0000014212
0000014312
0000014412
0000014512
0000014612
0000014712
0000014812
0000014912
0000015012
0000015112
0000015212
0000015312
0000015412
0000015512
0000015612
0000015712
0000015812
0000015912
0000016012
0000016112
0000016212
0000016312
0000016412
0000016512
0000016612
0000016712
0000016812
0000016912
0000017012
0000017112
0000017212
0000017312
0000017412
0000017512
0000017612
0000017712
0000017812
0000017912
0000018012
0000018112
0000018212
0000018312
0000018412
0000018512
0000018612
0000018712
0000018812
0000018912
0000019012
0000019112
0000019212
0000019312
0000019412
0000019512
0000019612
0000019712
0000019812
0000019912
0000020012
0000020112
0000020212
0000020312
0000020412
0000020512
0000020612
0000020712
0000020812
0000020912
0000021012
0000021112
0000021212
0000021312
0000021412
0000021512
0000021612
0000021712
0000021812
0000021912
0000022012
0000022112
0000022212
0000022312
0000022412
0000022512
0000022612
0000022712
0000022812
0000022912
0000023012
0000023112
0000023212
0000023312
0000023412
0000023512
0000023612
0000023712
0000023812
0000023912
0000024012
0000024112
0000024212
0000024312
0000024412
0000024512
0000024612
0000024712
0000024812
0000024912
0000025012
0000025112
0000025212
0000025312
0000025412
0000025512
0000025612
0000025712
0000025812
0000025912
0000026012
0000026112
0000026212
0000026312
0000026412
0000026512
0000026612
0000026712
0000026812
0000026912
0000027012
0000027112
0000027212
0000027312
0000027412
0000027512
0000027612
0000027712
0000027812
0000027912
0000028012
0000028112
0000028212
0000028312
0000028412
0000028512
0000028612
0000028712
0000028812
0000028912
0000029012
0000029112
0000029212
0000029312
0000029412
0000029512
0000029612
0000029712
0000029812
0000029912
0000030012
0000030112
0000030212
0000030312
0000030412
0000030512
0000030612
0000030712
0000030812
0000030912
0000031012
0000031112
0000031212
0000031312
0000031412
0000031512
0000031612
0000031712
0000031812
0000031912
0000032012
0000032112
0000032212
0000032312
0000032412
0000032512
0000032612
0000032712
0000032812
0000032912
0000033012
0000033112
0000033212
0000033312
0000033412
0000033512
0000033612
0000033712
0000033812
0000033912
0000034012
0000034112
0000034212
0000034312
0000034412
0000034512
0000034612
0000034712
0000034812
0000034912
0000035012
0000035112
0000035212
0000035312
0000035412
0000035512
0000035612
0000035712
0000035812
0000035912
0000036012
0000036112
0000036212
0000036312
0000036412
0000036512
0000036612
0000036712
0000036812
0000036912
0000037012
0000037112
0000037212
0000037312
0000037412
0000037512
0000037612
0000037712
0000037812
0000037912
0000038012
0000038112
0000038212
0000038312
0000038412
0000038512
0000038612
0000038712
0000038812
0000038912
0000039012
0000039112
0000039212
0000039312
0000039412
0000039512
0000039612
0000039712
0000039812
0000039912
0000040012
0000040112
0000040212
0000040312
0000040412
0000040512
0000040612
0000040712
0000040812
0000040912
0000041012
0000041112
0000041212
0000041312
0000041412
0000041512
0000041612
0000041712
0000041812
0000041912
0000042012
0000042112
0000042212
0000042312
0000042412
0000042512
0000042612
0000042712
0000042812
0000042912
0000043012
0000043112
0000043212
0000043312
0000043412
0000043512
0000043612
0000043712
0000043812
0000043912
0000044012
0000044112
0000044212
0000044312
0000044412
0000044512
0000044612
0000044712
0000044812
0000044912
0000045012
0000045112
0000045212
0000045312
0000045412
0000045512
0000045612
0000045712
0000045812
0000045912
0000046012
0000046112
0000046212
0000046312
0000046412
0000046512
0000046612
0000046712
0000046812
0000046912
0000047012
0000047112
0000047212
0000047312
0000047412
0000047512
0000047612
0000047712
0000047812
0000047912
0000048012
0000048112
0000048212
0000048312
0000048412
0000048512
0000048612
0000048712
0000048812
0000048912
0000049012
0000049112
0000049212
0000049312
0000049412
0000049512
0000049612
0000049712
0000049812
0000049912
0000050012
0000050112
0000050212
0000050312
0000050412
0000050512
0000050612
0000050712
0000050812
0000050912
0000051012
0000051112
0000051212
0000051312
0000051412
0000051512
0000051612
0000051712
0000051812
0000051912
0000052012
0000052112
0000052212
0000052312
0000052412
0000052512
0000052612
0000052712
0000052812
0000052912
0000053012
0000053112
0000053212
0000053312
0000053412
0000053512
0000053612
0000053712
0000053812
0000053912
0000054012
0000054112
0000054212
0000054312
0000054412
0000054512
0000054612
0000054712
0000054812
0000054912
0000055012
0000055112
0000055212
0000055312
0000055412
0000055512
0000055612
0000055712
0000055812
0000055912
0000056012
0000056112
0000056212
0000056312
0000056412
0000056512
0000056612
0000056712
0000056812
0000056912
0000057012
0000057112
0000057212
0000057312
0000057412
0000057512
0000057612
0000057712
0000057812
0000057912
0000058012
0000058112
0000058212
0000058312
0000058412
0000058512
0000058612
0000058712
0000058812
0000058912
0000059012
0000059112
0000059212
0000059312
0000059412
0000059512
0000059612
0000059712
0000059812
0000059912
0000060012
0000060112
0000060212
0000060312
0000060412
0000060512
0000060612
0000060712
0000060812
0000060912
0000061012
0000061112
0000061212
0000061312
0000061412
0000061512
0000061612
0000061712
0000061812
0000061912
0000062012
0000062112
0000062212
0000062312
0000062412
0000062512
0000062612
0000062712
0000062812
0000062912
0000063012
0000063112
0000063212
0000063312
0000063412
0000063512
0000063612
0000063712
0000063812
0000063912
0000064012
0000064112
0000064212
0000064312
0000064412
0000064512
0000064612
0000064712
0000064812
0000064912
0000065012
0000065112
0000065212
0000065312
0000065412
0000065512
0000065612
0000065712
0000065812
0000065912
0000066012
0000066112
0000066212
0000066312
0000066412
0000066512
0000066612
0000066712
0000066812
0000066912
0000067012
0000067112
0000067212
0000067312
0000067412
0000067512
0000067612
0000067712
0000067812
0000067912
0000068012
0000068112
0000068212
0000068312
0000068412
0000068512
0000068612
0000068712
0000068812
0000068912
0000069012
0000069112
0000069212
0000069312
0000069412
0000069512
0000069612
0000069712
0000069812
0000069912
0000070012
0000070112
0000070212
0000070312
0000070412
0000070512
0000070612
0000070712
0000070812
0000070912
0000071012
0000071112
0000071212
0000071312
0000071412
0000071512
0000071612
0000071712
0000071812
0000071912
0000072012
0000072112
0000072212
0000072312
0000072412
0000072512
0000072612
0000072712
0000072812
0000072912
0000073012
0000073112
0000073212
0000073312
0000073412
0000073512
0000073612
0000073712
0000073812
0000073912
0000074012
0000074112
0000074212
0000074312
0000074412
0000074512
0000074612
0000074712
0000074812
0000074912
0000075012
0000075112
0000075212
0000075312
0000075412
0000075512
0000075612
0000075712
0000075812
0000075912
0000076012
0000076112
0000076212
0000076312
0000076412
0000076512
0000076612
0000076712
0000076812
0000076912
0000077012
0000077112
0000077212
0000077312
0000077412
0000077512
0000077612
0000077712
0000077812
0000077912
0000078012
0000078112
0000078212
0000078312
0000078412
0000078512
0000078612
0000078712
0000078812
0000078912
0000079012
0000079112
0000079212
0000079312
0000079412
0000079512
0000079612
0000079712
0000079812
0000079912
0000080012
0000080112
0000080212
0000080312
0000080412
0000080512
0000080612
0000080712
0000080812
0000080912
0000081012
0000081112
0000081212
0000081312
0000081412
0000081512
0000081612
0000081712
0000081812
0000081912
0000082012
0000082112
0000082212
0000082312
0000082412
0000082512
0000082612
0000082712
0000082812
0000082912
0000083012
0000083112
0000083212
0000083312
0000083412
0000083512
0000083612
0000083712
0000083812
0000083912
0000084012
0000084112
0000084212
0000084312
0000084412
0000084512
0000084612
0000084712
0000084812
0000084912
0000085012
0000085112
0000085212
0000085312
0000085412
0000085512
0000085612
0000085712
0000085812
0000085912
0000086012
0000086112
0000086212
0000086312
0000086412
0000086512
0000086612
0000086712
0000086812
0000086912
0000087012
0000087112
0000087212
0000087312
0000087412
0000087512
0000087612
0000087712
0000087812
0000087912
0000088012
0000088112
0000088212
0000088312
0000088412
0000088512
0000088612
0000088712
0000088812
0000088912
0000089012
0000089112
0000089212
0000089312
0000089412
0000089512
0000089612
0000089712
0000089812
0000089912
0000090012
0000090112
0000090212
0000090312
0000090412
0000090512
0000090612
0000090712
0000090812
0000090912
0000091012
0000091112
0000091212
0000091312
0000091412
0000091512
0000091612
0000091712
0000091812
0000091912
0000092012
0000092112
0000092212
0000092312
0000092412
0000092512
0000092612
0000092712
0000092812
0000092912
0000093012
0000093112
0000093212
0000093312
0000093412
0000093512
0000093612
0000093712
0000093812
0000093912
0000094012
0000094112
0000094212
0000094312
0000094412
0000094512
0000094612
0000094712
0000094812
0000094912
0000095012
0000095112
0000095212
0000095312
0000095412
0000095512
0000095612
0000095712
0000095812
0000095912
0000096012
0000096112
0000096212
0000096312
0000096412
0000096512
0000096612
0000096712
0000096812
0000096912
0000097012
0000097112
0000097212
0000097312
0000097412
0000097512
0000097612
0000097712
0000097812
0000097912
0000098012
0000098112
0000098212
0000098312
0000098412
0000098512
0000098612
0000098712
0000098812
0000098912
0000099012
0000099112
0000099212
0000099312
0000099412
0000099512
0000099612
0000099712
0000099812
0000099912
0000100012
0000100112
0000100212
0000100312
0000100412
0000100512
0000100612
0000100712
0000100812
0000100912
0000101012
0000101112
0000101212
0000101312
0000101412
0000101512
0000101612
0000101712
0000101812
0000101912
0000102012
0000102112
0000102212
0000102312
0000102412
0000102512
0000102612
0000102712
0000102812
0000102912
0000103012
0000103112
0000103212
0000103312
0000103412
0000103512
0000103612
0000103712
0000103812
0000103912
0000104012
0000104112
0000104212
0000104312
0000104412
0000104512
0000104612
0000104712
0000104812
0000104912
0000105012
0000105112
0000105212
0000105312
0000105412
0000105512
0000105612
0000105712
0000105812
0000105912
0000106012
0000106112
0000106212
0000106312
0000106412
0000106512
0000106612
0000106712
0000106812
0000106912
0000107012
0000107112
0000107212
0000107312
0000107412
0000107512
0000107612
0000107712
0000107812
0000107912
0000108012
0000108112
0000108212
0000108312
0000108412
0000108512
0000108612
0000108712
0000108812
0000108912
0000109012
0000109112
0000109212
0000109312
0000109412
0000109512
0000109612
0000109712
0000109812
0000109912
0000110012
0000110112
0000110212
0000110312
0000110412
0000110512
0000110612
0000110712
0000110812
0000110912
0000111012
0000111112
0000111212
0000111312
0000111412
0000111512
0000111612
0000111712
0000111812
0000111912
0000112012
0000112112
0000112212
0000112312
0000112412
0000112512
0000112612
0000112712
0000112812
0000112912
0000113012
0000113112
0000113212
0000113312
0000113412
0000113512
0000113612
0000113712
0000113812
0000113912
0000114012
0000114112
0000114212
0000114312
0000114412
0000114512
0000114612
0000114712
0000114812
0000114912
0000115012
0000115112
0000115212
0000115312
0000115412
0000115512
0000115612
0000115712
0000115812
0000115912
0000116012
0000116112
0000116212
0000116312
0000116412
0000116512
0000116612
0000116712
0000116812
0000116912
0000117012
0000117112
0000117212
0000117312
0000117412
0000117512
0000117612
0000117712
0000117812
0000117912
0000118012
0000118112
0000118212
0000118312
0000118412
0000118512
0000118612
0000118712
0000118812
0000118912
0000119012
0000119112
0000119212
0000119312
0000119412
0000119512
0000119612
0000119712
0000119812
0000119912
0000120012
0000120112
0000120212
0000120312
0000120412
0000120512
0000120612
0000120712
0000120812
0000120912
0000121012
0000121112
0000121212
0000121312
0000121412
0000121512
0000121612
0000121712
0000121812
0000121912
0000122012
0000122112
0000122212
0000122312
0000122412
0000122512
0000122612
0000122712
0000122812
0000122912
0000123012
0000123112
0000123212
0000123312
0000123412
0000123512
0000123612
0000123712
0000123812
0000123912
0000124012
0000124112
0000124212
0000124312
0000124412
0000124512
0000124612
0000124712
0000124812
0000124912
0000125012
0000125112
0000125212
0000125312
0000125412
0000125512
0000125612
0000125712
0000125812
0000125912
0000126012
0000126112
0000126212
0000126312
0000126412
0000126512
0000126612
0000126712
0000126812
0000126912
0000127012
0000127112
0000127212
0000127312
0000127412
0000127512
0000127612
0000127712
0000127812
0000127912
0000128012
0000128112
0000128212
0000128312
0000128412
0000128512
0000128612
0000128712
0000128812
0000128912
0000129012
0000129112
0000129212
0000129312
0000129412
0000129512
0000129612
0000129712
0000129812
0000129912
0000130012
0000130112
0000130212
0000130312
0000130412
0000130512
0000130612
0000130712
0000130812
0000130912
0000131012
0000131112
0000131212
0000131312
0000131412
0000131512
0000131612
0000131712
0000131812
0000131912
0000132012
0000132112
0000132212
0000132312
0000132412
0000132512
0000132612
0000132712
0000132812
0000132912
0000133012
0000133112
0000133212
0000133312
0000133412
0000133512
0000133612
0000133712
0000133812
0000133912
0000134012
0000134112
0000134212
0000134312
0000134412
0000134512
0000134612
0000134712
0000134812
0000134912
0000135012
0000135112
0000135212
0000135312
0000135412
0000135512
0000135612
0000135712
0000135812
0000135912
0000136012
0000136112
0000136212
0000136312
0000136412
0000136512
0000136612
0000136712
0000136812
0000136912
0000137012
0000137112
0000137212
0000137312
0000137412
0000137512
0000137612
0000137712
0000137812
0000137912
0000138012
0000138112
0000138212
0000138312
0000138412
0000138512
0000138612
0000138712
0000138812
0000138912
0000139012
0000139112
0000139212
0000139312
0000139412
0000139512
0000139612
0000139712
0000139812
0000139912
0000140012
0000140112
0000140212
0000140312
0000140412
0000140512
0000140612
0000140712
0000140812
0000140912
0000141012
0000141112
0000141212
0000141312
0000141412
0000141512
0000141612
0000141712
0000141812
0000141912
0000142012
0000142112
0000142212
0000142312
0000142412
0000142512
0000142612
0000142712
0000142812
0000142912
0000143012
0000143112
0000143212
0000143312
0000143412
0000143512
0000143612
0000143712
0000143812
0000143912
0000144012
0000144112
0000144212
0000144312
0000144412
0000144512
0000144612
0000144712
0000144812
0000144912
0000145012
0000145112
0000145212
0000145312
0000145412
0000145512
0000145612
0000145712
0000145812
0000145912
0000146012
0000146112
0000146212
0000146312
0000146412
0000146512
0000146612
0000146712
0000146812
0000146912
0000147012
0000147112
0000147212
0000147312
0000147412
0000147512
0000147612
0000147712
0000147812
0000147912
0000148012
0000148112
0000148212
0000148312
0000148412
0000148512
0000148612
0000148712
0000148812
0000148912
0000149012
0000149112
0000149212
0000149312
0000149412
0000149512
0000149612
0000149712
0000149812
0000149912
0000150012
0000150112
0000150212
0000150312
0000150412
0000150512
0000150612
0000150712
0000150812
0000150912
0000151012
0000151112
0000151212
0000151312
0000151412
0000151512
0000151612
0000151712
0000151812
0000151912
0000152012
0000152112
0000152212
0000152312
0000152412
0000152512
0000152612
0000152712
0000152812
0000152912
0000153012
0000153112
0000153212
0000153312
0000153412
0000153512
0000153612
0000153712
0000153812
0000153912
0000154012
0000154112
0000154212
0000154312
0000154412
0000154512
0000154612
0000154712
0000154812
0000154912
0000155012
0000155112
0000155212
0000155312
0000155412
0000155512
0000155612
0000155712
0000155812
0000155912
0000156012
0000156112
0000156212
0000156312
0000156412
0000156512
0000156612
0000156712
0000156812
0000156912
0000157012
0000157112
0000157212
0000157312
0000157412
0000157512
0000157612
0000157712
0000157812
0000157912
0000158012
0000158112
0000158212
0000158312
0000158412
0000158512
0000158612
0000158712
0000158812
0000158912
0000159012
0000159112
0000159212
0000159312
0000159412
0000159512
0000159612
0000159712
0000159812
0000159912
0000160012
0000160112
0000160212
0000160312
0000160412
0000160512
0000160612
0000160712
0000160812
0000160912
0000161012
0000161112
0000161212
0000161312
0000161412
0000161512
0000161612
0000161712
0000161812
0000161912
0000162012
0000162112
0000162212
0000162312
0000162412
0000162512
0000162612
0000162712
0000162812
0000162912
0000163012
0000163112
0000163212
0000163312
0000163412
0000163512
0000163612
0000163712
0000163812
0000163912
0000164012
0000164112
0000164212
0000164312
0000164412
0000164512
0000164612
0000164712
0000164812
0000164912
0000165012
0000165112
0000165212
0000165312
0000165412
0000165512
0000165612
0000165712
0000165812
0000165912
0000166012
0000166112
0000166212
0000166312
0000166412
0000166512
0000166612
0000166712
0000166812
0000166912
0000167012
0000167112
0000167212
0000167312
0000167412
0000167512
0000167612
0000167712
0000167812
0000167912
0000168012
0000168112
0000168212
0000168312
0000168412
0000168512
0000168612
0000168712
0000168812
0000168912
0000169012
0000169112
0000169212
0000169312
0000169412
0000169512
0000169612
0000169712
0000169812
0000169912
0000170012
0000170112
0000170212
0000170312
0000170412
0000170512
0000170612
0000170712
0000170812
0000170912
0000171012
0000171112
0000171212
0000171312
0000171412
0000171512
0000171612
0000171712
0000171812
0000171912
0000172012
0000172112
0000172212
0000172312
0000172412
0000172512
0000172612
0000172712
0000172812
0000172912
0000173012
0000173112
0000173212
0000173312
0000173412
0000173512
0000173612
0000173712
0000173812
0000173912
0000174012
0000174112
0000174212
0000174312
0000174412
0000174512
0000174612
0000174712
0000174812
0000174912
0000175012
0000175112
0000175212
0000175312
0000175412
0000175512
0000175612
0000175712
0000175812
0000175912
0000176012
0000176112
0000176212
0000176312
0000176412
0000176512
0000176612
0000176712
0000176812
0000176912
0000177012
0000177112
0000177212
0000177312
0000177412
0000177512
0000177612
0000177712
0000177812
0000177912
0000178012
0000178112
0000178212
0000178312
0000178412
0000178512
0000178612
0000178712
0000178812
0000178912
0000179012
0000179112
0000179212
0000179312
0000179412
0000179512
0000179612
0000179712
0000179812
0000179912
0000180012
0000180112
0000180212
0000180312
0000180412
0000180512
0000180612
0000180712
0000180812
0000180912
0000181012
0000181112
0000181212
0000181312