00000;1409823190;601410
00001;1409823190;701889
00002;1409823190;801225
00003;1409823190;901652
00004;1409823191;2079
00005;1409823191;101449
00006;1409823191;201882
00007;1409823191;301276
00008;1409823191;401688
00009;1409823191;502116
00010;1409823191;601493
00011;1409823191;701917
00012;1409823191;801281
00013;1409823191;901691
00014;1409823192;2118
00015;1409823192;101479
00016;1409823192;201900
00017;1409823192;301290
00018;1409823192;401702
00019;1409823192;502133
00020;1409823192;601514
00021;1409823192;701973
00022;1409823192;801266
00023;1409823192;901718
00024;1409823193;1313
00025;1409823193;101734
00026;1409823193;202174
00027;1409823193;301604
00028;1409823193;402029
00029;1409823193;501412
00030;1409823193;601831
00031;1409823193;701214
00032;1409823193;801638
00033;1409823193;902067
00034;1409823194;1402
00035;1409823194;101854
00036;1409823194;201276
00037;1409823194;301726
00038;1409823194;401138
00039;1409823194;501611
00040;1409823194;602069
00041;1409823194;701419
00042;1409823194;801879
00043;1409823194;901292
00044;1409823195;1736
00045;1409823195;101152
00046;1409823195;201605
00047;1409823195;302063
00048;1409823195;401402
00049;1409823195;501843
00050;1409823195;601245
00051;1409823195;701699
00052;1409823195;802152
00053;1409823195;901505
00054;1409823196;1954
00055;1409823196;101343
00056;1409823196;201832
00057;1409823196;301243
00058;1409823196;401703
00059;1409823196;502161
00060;1409823196;601520
00061;1409823196;701975
00062;1409823196;801354
00063;1409823196;901795
00064;1409823197;1196
00065;1409823197;101651
00066;1409823197;202113
00067;1409823197;301462
00068;1409823197;401908
00069;1409823197;501315
00070;1409823197;601757
00071;1409823197;701163
00072;1409823197;801624
00073;1409823197;902076
00074;1409823198;1432
00075;1409823198;101886
00076;1409823198;201293
00077;1409823198;301713
00078;1409823198;402143
00079;1409823198;501531
00080;1409823198;601954
00081;1409823198;701391
00082;1409823198;801807
00083;1409823198;901182
00084;1409823199;1612
00085;1409823199;102084
00086;1409823199;201468
00087;1409823199;301885
00088;1409823199;401283
00089;1409823199;501737
00090;1409823199;602170
00091;1409823199;701561
00092;1409823199;801990
00093;1409823199;901418
00094;1409823200;1831
00095;1409823200;101205
00096;1409823200;201616
00097;1409823200;302082
00098;1409823200;401474
00099;1409823200;501916
00100;1409823200;601363
00101;1409823200;701816
00102;1409823200;801250
00103;1409823200;901703
00104;1409823201;2170
00105;1409823201;101581
00106;1409823201;202052
00107;1409823201;301377
00108;1409823201;401828
00109;1409823201;501253
00110;1409823201;601673
00111;1409823201;702098
00112;1409823201;801482
00113;1409823201;901982
00114;1409823202;1373
00115;1409823202;101816
00116;1409823202;201232
00117;1409823202;301682
00118;1409823202;402139
00119;1409823202;501517
00120;1409823202;601961
00121;1409823202;701370
00122;1409823202;801808
00123;1409823202;902246
00124;1409823203;1634
00125;1409823203;102046
00126;1409823203;201424
00127;1409823203;301880
00128;1409823203;401284
00129;1409823203;501714
00130;1409823203;602161
00131;1409823203;701538
00132;1409823203;801983
00133;1409823203;901381
00134;1409823204;1820
00135;1409823204;101210
00136;1409823204;201653
00137;1409823204;302096
00138;1409823204;401484
00139;1409823204;501926
00140;1409823204;601331
00141;1409823204;701822
00142;1409823204;801234
00143;1409823204;901677
00144;1409823205;2134
00145;1409823205;101541
00146;1409823205;202000
00147;1409823205;301414
00148;1409823205;401867
00149;1409823205;501268
00150;1409823205;601732
00151;1409823205;702188
00152;1409823205;801578
00153;1409823205;902030
00154;1409823206;1444
00155;1409823206;101904
00156;1409823206;201289
00157;1409823206;301691
00158;1409823206;402120
00159;1409823206;501521
00160;1409823206;601982
00161;1409823206;701399
00162;1409823206;801857
00163;1409823206;901248
00164;1409823207;1691
00165;1409823207;102119
00166;1409823207;201524
00167;1409823207;301951
00168;1409823207;401321
00169;1409823207;501777
00170;1409823207;602233
00171;1409823207;701628
00172;1409823207;802096
00173;1409823207;901472
00174;1409823208;1885
00175;1409823208;101249
00176;1409823208;201649
00177;1409823208;302058
00178;1409823208;401460
00179;1409823208;501859
00180;1409823208;602293
00181;1409823208;701628
00182;1409823208;802049
00183;1409823208;901468
00184;1409823209;1881
00185;1409823209;102300
00186;1409823209;201641
00187;1409823209;302048
00188;1409823209;401469
00189;1409823209;501868
00190;1409823209;602303
00191;1409823209;701640
00192;1409823209;802063
00193;1409823209;901476
00194;1409823210;1888
00195;1409823210;102306
00196;1409823210;201648
00197;1409823210;302055
00198;1409823210;401475
00199;1409823210;501874
00200;1409823210;602310
00201;1409823210;701675
00202;1409823210;802173
00203;1409823210;901572
00204;1409823211;1984
00205;1409823211;101378
00206;1409823211;201867
00207;1409823211;301284
00208;1409823211;401734
00209;1409823211;502190
00210;1409823211;601596
00211;1409823211;702047
00212;1409823211;801444
00213;1409823211;901884
00214;1409823212;1347
00215;1409823212;101790
00216;1409823212;202281
00217;1409823212;301668
00218;1409823212;402083
00219;1409823212;501494
00220;1409823212;601904
00221;1409823212;701290
00222;1409823212;801739
00223;1409823212;902202
00224;1409823213;1592
00225;1409823213;102079
00226;1409823213;201513
00227;1409823213;301973
00228;1409823213;401374
00229;1409823213;501835
00230;1409823213;602316
00231;1409823213;701714
00232;1409823213;802178
00233;1409823213;901567
00234;1409823214;2018
00235;1409823214;101442
00236;1409823214;201879
00237;1409823214;302322
00238;1409823214;401713
00239;1409823214;502161
00240;1409823214;601546
00241;1409823214;701999
00242;1409823214;801344
00243;1409823214;901794
00244;1409823215;2254
00245;1409823215;101669
00246;1409823215;202132
00247;1409823215;301535
00248;1409823215;401995
00249;1409823215;501379
00250;1409823215;601828
00251;1409823215;702298
00252;1409823215;801680
00253;1409823215;902136
00254;1409823216;1604
00255;1409823216;102055
00256;1409823216;201453
00257;1409823216;301863
00258;1409823216;402287
00259;1409823216;501618
00260;1409823216;602027
00261;1409823216;701384
00262;1409823216;801789
00263;1409823216;902208
00264;1409823217;1608
00265;1409823217;102100
00266;1409823217;201538
00267;1409823217;301997
00268;1409823217;401431
00269;1409823217;501880
00270;1409823217;602346
00271;1409823217;701718
00272;1409823217;802180
00273;1409823217;901584
00274;1409823218;2053
00275;1409823218;101476
00276;1409823218;201926
00277;1409823218;301334
00278;1409823218;401770
00279;1409823218;502225
00280;1409823218;601528
00281;1409823218;702019
00282;1409823218;801429
00283;1409823218;901870
00284;1409823219;2324
00285;1409823219;101669
00286;1409823219;202122
00287;1409823219;301556
00288;1409823219;402002
00289;1409823219;501449
00290;1409823219;601899
00291;1409823219;702362
00292;1409823219;801737
00293;1409823219;902195
00294;1409823220;1697
00295;1409823220;102153
00296;1409823220;201563
00297;1409823220;302003
00298;1409823220;401347
00299;1409823220;501791
00300;1409823220;602245
00301;1409823220;701651
00302;1409823220;802105
00303;1409823220;901523
00304;1409823221;2033
00305;1409823221;101448
00306;1409823221;201887
00307;1409823221;302338
00308;1409823221;401483
00309;1409823221;501907
00310;1409823221;602324
00311;1409823221;701706
00312;1409823221;802160
00313;1409823221;901593
00314;1409823222;2042
00315;1409823222;101444
00316;1409823222;201903
00317;1409823222;302360
00318;1409823222;401734
00319;1409823222;502187
00320;1409823222;601585
00321;1409823222;702070
00322;1409823222;801442
00323;1409823222;901874
00324;1409823223;2350
00325;1409823223;101744
00326;1409823223;202195
00327;1409823223;301586
00328;1409823223;402027
00329;1409823223;501423
00330;1409823223;601858
00331;1409823223;702311
00332;1409823223;801683
00333;1409823223;902170
00334;1409823224;1585
00335;1409823224;102057
00336;1409823224;201442
00337;1409823224;301884
00338;1409823224;402340
00339;1409823224;501710
00340;1409823224;602159
00341;1409823224;701591
00342;1409823224;802042
00343;1409823224;901441
00344;1409823225;1938
00345;1409823225;102399
00346;1409823225;201788
00347;1409823225;302241
00348;1409823225;401591
00349;1409823225;502000
00350;1409823225;602433
00351;1409823225;701772
00352;1409823225;802187
00353;1409823225;901589
00354;1409823226;1999
00355;1409823226;102418
00356;1409823226;201758
00357;1409823226;302165
00358;1409823226;401607
00359;1409823226;502047
00360;1409823226;601447
00361;1409823226;701881
00362;1409823226;802340
00363;1409823226;901714
00364;1409823227;2162
00365;1409823227;101618
00366;1409823227;202109
00367;1409823227;301503
00368;1409823227;401952
00369;1409823227;502411
00370;1409823227;601804
00371;1409823227;702261
00372;1409823227;801671
00373;1409823227;902117
00374;1409823228;1544
00375;1409823228;101994
00376;1409823228;201402
00377;1409823228;301838
00378;1409823228;402294
00379;1409823228;501638
00380;1409823228;602094
00381;1409823228;701499
00382;1409823228;801942
00383;1409823228;902386
00384;1409823229;1772
00385;1409823229;102218
00386;1409823229;201626
00387;1409823229;302062
00388;1409823229;401481
00389;1409823229;501918
00390;1409823229;602381
00391;1409823229;701762
00392;1409823229;802221
00393;1409823229;901632
00394;1409823230;2080
00395;1409823230;101494
00396;1409823230;201940
00397;1409823230;302395
00398;1409823230;401784
00399;1409823230;502230
00400;1409823230;601643
00401;1409823230;702045
00402;1409823230;802475
00403;1409823230;901806
00404;1409823231;2217
00405;1409823231;101642
00406;1409823231;202054
00407;1409823231;302474
00408;1409823231;401811
00409;1409823231;502217
00410;1409823231;601643
00411;1409823231;702041
00412;1409823231;802481
00413;1409823231;901815
00414;1409823232;2236
00415;1409823232;101644
00416;1409823232;202051
00417;1409823232;302457
00418;1409823232;401795
00419;1409823232;502200
00420;1409823232;601629
00421;1409823232;702017
00422;1409823232;802438
00423;1409823232;901818
00424;1409823233;2318
00425;1409823233;101650
00426;1409823233;202113
00427;1409823233;301484
00428;1409823233;401868
00429;1409823233;502276
00430;1409823233;601657
00431;1409823233;702059
00432;1409823233;802478
00433;1409823233;901817
00434;1409823234;2218
00435;1409823234;101663
00436;1409823234;202020
00437;1409823234;302430
00438;1409823234;401758
00439;1409823234;502160
00440;1409823234;601546
00441;1409823234;701947
00442;1409823234;802360
00443;1409823234;901685
00444;1409823235;2080
00445;1409823235;102491
00446;1409823235;201835
00447;1409823235;302241
00448;1409823235;401667
00449;1409823235;502027
00450;1409823235;602442
00451;1409823235;701769
00452;1409823235;802166
00453;1409823235;901640
00454;1409823236;2029
00455;1409823236;102450
00456;1409823236;201776
00457;1409823236;302175
00458;1409823236;401588
00459;1409823236;501981
00460;1409823236;602389
00461;1409823236;701722
00462;1409823236;802123
00463;1409823236;901513
00464;1409823237;1899
00465;1409823237;102324
00466;1409823237;201711
00467;1409823237;302118
00468;1409823237;401481
00469;1409823237;501876
00470;1409823237;602281
00471;1409823237;701704
00472;1409823237;802105
00473;1409823237;901514
00474;1409823238;1959
00475;1409823238;102422
00476;1409823238;201797
00477;1409823238;302249
00478;1409823238;401660
00479;1409823238;502108
00480;1409823238;601507
00481;1409823238;701948
00482;1409823238;802408
00483;1409823238;901792
00484;1409823239;2294
00485;1409823239;101702
00486;1409823239;202159
00487;1409823239;301606
00488;1409823239;402042
00489;1409823239;502497
00490;1409823239;601864
00491;1409823239;702315
00492;1409823239;801709
00493;1409823239;902160
00494;1409823240;1555
00495;1409823240;102548
00496;1409823240;201925
00497;1409823240;302332
00498;1409823240;401715
00499;1409823240;502137
00500;1409823240;601601
00501;1409823240;702055
00502;1409823240;802512
00503;1409823240;901898
00504;1409823241;2343
00505;1409823241;101721
00506;1409823241;202175
00507;1409823241;301622
00508;1409823241;402063
00509;1409823241;502518
00510;1409823241;601888
00511;1409823241;702342
00512;1409823241;801737
00513;1409823241;902183
00514;1409823242;1677
00515;1409823242;102125
00516;1409823242;201541
00517;1409823242;301980
00518;1409823242;402434
00519;1409823242;501805
00520;1409823242;602251
00521;1409823242;701663
00522;1409823242;802115
00523;1409823242;901564
00524;1409823243;2065
00525;1409823243;102519
00526;1409823243;201952
00527;1409823243;302412
00528;1409823243;401786
00529;1409823243;502235
00530;1409823243;601656
00531;1409823243;702099
00532;1409823243;802565
00533;1409823243;901950
00534;1409823244;2406
00535;1409823244;101778
00536;1409823244;202223
00537;1409823244;301655
00538;1409823244;402104
00539;1409823244;502546
00540;1409823244;601887
00541;1409823244;702308
00542;1409823244;801728
00543;1409823244;902137
00544;1409823245;1618
00545;1409823245;102028
00546;1409823245;202504
00547;1409823245;301877
00548;1409823245;402338
00549;1409823245;501749
00550;1409823245;602206
00551;1409823245;701639
00552;1409823245;802090
00553;1409823245;902497
00554;1409823246;1862
00555;1409823246;102304
00556;1409823246;201728
00557;1409823246;302162
00558;1409823246;401586
00559;1409823246;502024
00560;1409823246;602446
00561;1409823246;701828
00562;1409823246;802272
00563;1409823246;901691
00564;1409823247;2128
00565;1409823247;101619
00566;1409823247;202095
00567;1409823247;302570
00568;1409823247;401945
00569;1409823247;502388
00570;1409823247;601746
00571;1409823247;702239
00572;1409823247;801667
00573;1409823247;902106
00574;1409823248;1566
00575;1409823248;102011
00576;1409823248;202466
00577;1409823248;301841
00578;1409823248;402288
00579;1409823248;501695
00580;1409823248;602137
00581;1409823248;701542
00582;1409823248;801980
00583;1409823248;902429
00584;1409823249;1794
00585;1409823249;102315
00586;1409823249;201737
00587;1409823249;302186
00588;1409823249;401617
00589;1409823249;502053
00590;1409823249;602505
00591;1409823249;701889
00592;1409823249;802331
00593;1409823249;901726
00594;1409823250;2155
00595;1409823250;101643
00596;1409823250;202085
00597;1409823250;302553
00598;1409823250;401928
00599;1409823250;502382
00600;1409823250;601797
00601;1409823250;702498
00602;1409823250;801912
00603;1409823250;902380
00604;1409823251;1794
00605;1409823251;102224
00606;1409823251;201631
00607;1409823251;302076
00608;1409823251;402544
00609;1409823251;501931
00610;1409823251;602381
00611;1409823251;701781
00612;1409823251;802219
00613;1409823251;901641
00614;1409823252;2083
00615;1409823252;102593
00616;1409823252;201972
00617;1409823252;302417
00618;1409823252;401818
00619;1409823252;502265
00620;1409823252;601692
00621;1409823252;702136
00622;1409823252;802616
00623;1409823252;901991
00624;1409823253;2436
00625;1409823253;101867
00626;1409823253;202327
00627;1409823253;301734
00628;1409823253;402178
00629;1409823253;501604
00630;1409823253;602037
00631;1409823253;702481
00632;1409823253;801857
00633;1409823253;902298
00634;1409823254;1697
00635;1409823254;102187
00636;1409823254;201620
00637;1409823254;302049
00638;1409823254;402501
00639;1409823254;501871
00640;1409823254;602323
00641;1409823254;701722
00642;1409823254;802174
00643;1409823254;902664
00644;1409823255;2043
00645;1409823255;102549
00646;1409823255;201944
00647;1409823255;302399
00648;1409823255;401797
00649;1409823255;502232
00650;1409823255;601643
00651;1409823255;702073
00652;1409823255;802511
00653;1409823255;901878
00654;1409823256;2277
00655;1409823256;101749
00656;1409823256;202192
00657;1409823256;302676
00658;1409823256;402058
00659;1409823256;502505
00660;1409823256;601876
00661;1409823256;702313
00662;1409823256;801726
00663;1409823256;902161
00664;1409823257;2645
00665;1409823257;102026
00666;1409823257;202490
00667;1409823257;301871
00668;1409823257;402312
00669;1409823257;501719
00670;1409823257;602162
00671;1409823257;702659
00672;1409823257;802046
00673;1409823257;902494
00674;1409823258;1863
00675;1409823258;102319
00676;1409823258;201722
00677;1409823258;302162
00678;1409823258;402685
00679;1409823258;502092
00680;1409823258;602519
00681;1409823258;701893
00682;1409823258;802322
00683;1409823258;901717
00684;1409823259;2144
00685;1409823259;102611
00686;1409823259;201997
00687;1409823259;302450
00688;1409823259;401854
00689;1409823259;502305
00690;1409823259;601684
00691;1409823259;702089
00692;1409823259;802554
00693;1409823259;901933
00694;1409823260;2380
00695;1409823260;101794
00696;1409823260;202217
00697;1409823260;302697
00698;1409823260;402033
00699;1409823260;502479
00700;1409823260;601896
00701;1409823260;702330
00702;1409823260;801700
00703;1409823260;902124
00704;1409823261;2597
00705;1409823261;102036
00706;1409823261;202541
00707;1409823261;301912
00708;1409823261;402370
00709;1409823261;501763
00710;1409823261;602219
00711;1409823261;702677
00712;1409823261;802047
00713;1409823261;902489
00714;1409823262;1904
00715;1409823262;102414
00716;1409823262;201825
00717;1409823262;302268
00718;1409823262;401695
00719;1409823262;502124
00720;1409823262;602604
00721;1409823262;701974
00722;1409823262;802430
00723;1409823262;901842
00724;1409823263;2286
00725;1409823263;101748
00726;1409823263;202237
00727;1409823263;302704
00728;1409823263;402082
00729;1409823263;502543
00730;1409823263;601922
00731;1409823263;702355
00732;1409823263;801751
00733;1409823263;902174
00734;1409823264;2649
00735;1409823264;102086
00736;1409823264;202542
00737;1409823264;301919
00738;1409823264;402361
00739;1409823264;501763
00740;1409823264;602174
00741;1409823264;702642
00742;1409823264;802015
00743;1409823264;902422
00744;1409823265;1830
00745;1409823265;102435
00746;1409823265;201864
00747;1409823265;302303
00748;1409823265;401710
00749;1409823265;502141
00750;1409823265;602602
00751;1409823265;701948
00752;1409823265;802388
00753;1409823265;901779
00754;1409823266;2208
00755;1409823266;102678
00756;1409823266;202033
00757;1409823266;302473
00758;1409823266;401879
00759;1409823266;502310
00760;1409823266;602737
00761;1409823266;702126
00762;1409823266;802594
00763;1409823266;901962
00764;1409823267;2396
00765;1409823267;101799
00766;1409823267;202242
00767;1409823267;302714
00768;1409823267;402085
00769;1409823267;502525
00770;1409823267;601947
00771;1409823267;702384
00772;1409823267;801779
00773;1409823267;902227
00774;1409823268;2696
00775;1409823268;102070
00776;1409823268;202504
00777;1409823268;301897
00778;1409823268;402336
00779;1409823268;501732
00780;1409823268;602124
00781;1409823268;702597
00782;1409823268;801982
00783;1409823268;902424
00784;1409823269;1834
00785;1409823269;102327
00786;1409823269;201743
00787;1409823269;302173
00788;1409823269;402702
00789;1409823269;502068
00790;1409823269;602516
00791;1409823269;701915
00792;1409823269;802351
00793;1409823269;901746
00794;1409823270;2177
00795;1409823270;102746
00796;1409823270;202124
00797;1409823270;302575
00798;1409823270;401962
00799;1409823270;502411
00800;1409823270;601832
00801;1409823270;702249
00802;1409823270;802763
00803;1409823270;902173
00804;1409823271;2710
00805;1409823271;102171
00806;1409823271;202719
00807;1409823271;302139
00808;1409823271;402650
00809;1409823271;502036
00810;1409823271;602496
00811;1409823271;701913
00812;1409823271;802371
00813;1409823271;901782
00814;1409823272;2230
00815;1409823272;102700
00816;1409823272;202090
00817;1409823272;302573
00818;1409823272;401976
00819;1409823272;502415
00820;1409823272;601823
00821;1409823272;702268
00822;1409823272;802745
00823;1409823272;902123
00824;1409823273;2588
00825;1409823273;101986
00826;1409823273;202417
00827;1409823273;301831
00828;1409823273;402278
00829;1409823273;502746
00830;1409823273;602109
00831;1409823273;702576
00832;1409823273;801985
00833;1409823273;902411
00834;1409823274;1812
00835;1409823274;102252
00836;1409823274;202715
00837;1409823274;302105
00838;1409823274;402575
00839;1409823274;501989
00840;1409823274;602410
00841;1409823274;701822
00842;1409823274;802272
00843;1409823274;902745
00844;1409823275;2132
00845;1409823275;102613
00846;1409823275;202008
00847;1409823275;302416
00848;1409823275;401847
00849;1409823275;502293
00850;1409823275;602735
00851;1409823275;702133
00852;1409823275;802621
00853;1409823275;902009
00854;1409823276;2413
00855;1409823276;101820
00856;1409823276;202298
00857;1409823276;302760
00858;1409823276;402144
00859;1409823276;502656
00860;1409823276;602008
00861;1409823276;702415
00862;1409823276;801828
00863;1409823276;902262
00864;1409823277;2722
00865;1409823277;102102
00866;1409823277;202565
00867;1409823277;301988
00868;1409823277;402409
00869;1409823277;501813
00870;1409823277;602229
00871;1409823277;702694
00872;1409823277;802073
00873;1409823277;902542
00874;1409823278;1952
00875;1409823278;102356
00876;1409823278;202809
00877;1409823278;302186
00878;1409823278;402650
00879;1409823278;502031
00880;1409823278;602490
00881;1409823278;701909
00882;1409823278;802356
00883;1409823278;902815
00884;1409823279;2201
00885;1409823279;102734
00886;1409823279;202170
00887;1409823279;302640
00888;1409823279;402032
00889;1409823279;502482
00890;1409823279;601898
00891;1409823279;702304
00892;1409823279;802758
00893;1409823279;902137
00894;1409823280;2637
00895;1409823280;102034
00896;1409823280;202534
00897;1409823280;301936
00898;1409823280;402354
00899;1409823280;502810
00900;1409823280;602188
00901;1409823280;702646
00902;1409823280;802013
00903;1409823280;902416
00904;1409823281;2835
00905;1409823281;102212
00906;1409823281;202724
00907;1409823281;302102
00908;1409823281;402587
00909;1409823281;502000
00910;1409823281;602414
00911;1409823281;702879
00912;1409823281;802242
00913;1409823281;902698
00914;1409823282;2082
00915;1409823282;102543
00916;1409823282;201968
00917;1409823282;302428
00918;1409823282;401835
00919;1409823282;502277
00920;1409823282;602729
00921;1409823282;702126
00922;1409823282;802608
00923;1409823282;902021
00924;1409823283;2474
00925;1409823283;101955
00926;1409823283;202475
00927;1409823283;301911
00928;1409823283;402364
00929;1409823283;502834
00930;1409823283;602232
00931;1409823283;702697
00932;1409823283;802083
00933;1409823283;902543
00934;1409823284;1961
00935;1409823284;102480
00936;1409823284;201891
00937;1409823284;302304
00938;1409823284;402765
00939;1409823284;502143
00940;1409823284;602576
00941;1409823284;701988
00942;1409823284;802420
00943;1409823284;902881
00944;1409823285;2294
00945;1409823285;102819
00946;1409823285;202223
00947;1409823285;302686
00948;1409823285;402089
00949;1409823285;502559
00950;1409823285;601975
00951;1409823285;702419
00952;1409823285;802894
00953;1409823285;902260
00954;1409823286;2738
00955;1409823286;102119
00956;1409823286;202605
00957;1409823286;302018
00958;1409823286;402463
00959;1409823286;501871
00960;1409823286;602280
00961;1409823286;702743
00962;1409823286;802139
00963;1409823286;902603
00964;1409823287;2020
00965;1409823287;102551
00966;1409823287;201967
00967;1409823287;302425
00968;1409823287;402889
00969;1409823287;502231
00970;1409823287;602685
00971;1409823287;702097
00972;1409823287;802553
00973;1409823287;901922
00974;1409823288;2327
00975;1409823288;102747
00976;1409823288;202107
00977;1409823288;302555
00978;1409823288;401933
00979;1409823288;502330
00980;1409823288;602766
00981;1409823288;702089
00982;1409823288;802560
00983;1409823288;901929
00984;1409823289;2335
00985;1409823289;102742
00986;1409823289;202085
00987;1409823289;302566
00988;1409823289;401984
00989;1409823289;502406
00990;1409823289;602873
00991;1409823289;702280
00992;1409823289;802742
00993;1409823289;902123
00994;1409823290;2600
00995;1409823290;102086
00996;1409823290;202520
00997;1409823290;301941
00998;1409823290;402393
00999;1409823290;502850
01000;1409823290;602241
01001;1409823290;702711
01002;1409823290;802114
01003;1409823290;902596
01004;1409823291;2014
01005;1409823291;102422
01006;1409823291;202895
01007;1409823291;302267
01008;1409823291;402745
01009;1409823291;502134
01010;1409823291;602608
01011;1409823291;702031
01012;1409823291;802476
01013;1409823291;902929
01014;1409823292;2318
01015;1409823292;102843
01016;1409823292;202232
01017;1409823292;302673
01018;1409823292;402095
01019;1409823292;502550
01020;1409823292;601974
01021;1409823292;702423
01022;1409823292;802889
01023;1409823292;902262
01024;1409823293;2725
01025;1409823293;102139
01026;1409823293;202619
01027;1409823293;302035
01028;1409823293;402482
01029;1409823293;502959
01030;1409823293;602355
01031;1409823293;702820
01032;1409823293;802205
01033;1409823293;902677
01034;1409823294;2090
01035;1409823294;102609
01036;1409823294;202023
01037;1409823294;302481
01038;1409823294;402941
01039;1409823294;502377
01040;1409823294;602825
01041;1409823294;702152
01042;1409823294;802608
01043;1409823294;901991
01044;1409823295;2435
01045;1409823295;102893
01046;1409823295;202237
01047;1409823295;302698
01048;1409823295;402107
01049;1409823295;502547
01050;1409823295;601952
01051;1409823295;702385
01052;1409823295;802840
01053;1409823295;902222
01054;1409823296;2682
01055;1409823296;102086
01056;1409823296;202531
01057;1409823296;302987
01058;1409823296;402370
01059;1409823296;502817
01060;1409823296;602189
01061;1409823296;702647
01062;1409823296;802059
01063;1409823296;902501
01064;1409823297;2966
01065;1409823297;102297
01066;1409823297;202721
01067;1409823297;302168
01068;1409823297;402599
01069;1409823297;501975
01070;1409823297;602377
01071;1409823297;702824
01072;1409823297;802189
01073;1409823297;902614
01074;1409823298;1990
01075;1409823298;102380
01076;1409823298;202801
01077;1409823298;302190
01078;1409823298;402617
01079;1409823298;501997
01080;1409823298;602373
01081;1409823298;702802
01082;1409823298;802174
01083;1409823298;902603
01084;1409823299;1978
01085;1409823299;102431
01086;1409823299;202890
01087;1409823299;302240
01088;1409823299;402700
01089;1409823299;502124
01090;1409823299;602552
01091;1409823299;703023
01092;1409823299;802408
01093;1409823299;902867
01094;1409823300;2249
01095;1409823300;102784
01096;1409823300;202205
01097;1409823300;302721
01098;1409823300;402158
01099;1409823300;502607
01100;1409823300;602042
01101;1409823300;702483
01102;1409823300;802955
01103;1409823300;902297
01104;1409823301;2758
01105;1409823301;102185
01106;1409823301;202649
01107;1409823301;302062
01108;1409823301;402478
01109;1409823301;502937
01110;1409823301;602298
01111;1409823301;702768
01112;1409823301;802192
01113;1409823301;902674
01114;1409823302;2092
01115;1409823302;102503
01116;1409823302;202921
01117;1409823302;302237
01118;1409823302;402641
01119;1409823302;502004
01120;1409823302;602395
01121;1409823302;702846
01122;1409823302;802154
01123;1409823302;902571
01124;1409823303;3023
01125;1409823303;102422
01126;1409823303;202850
01127;1409823303;302238
01128;1409823303;402672
01129;1409823303;502131
01130;1409823303;602609
01131;1409823303;702018
01132;1409823303;802468
01133;1409823303;902924
01134;1409823304;2316
01135;1409823304;102761
01136;1409823304;202164
01137;1409823304;302595
01138;1409823304;403065
01139;1409823304;502457
01140;1409823304;602926
01141;1409823304;702302
01142;1409823304;802755
01143;1409823304;902159
01144;1409823305;2635
01145;1409823305;102049
01146;1409823305;202500
01147;1409823305;302998
01148;1409823305;402354
01149;1409823305;502809
01150;1409823305;602225
01151;1409823305;702692
01152;1409823305;802134
01153;1409823305;902627
01154;1409823306;2039
01155;1409823306;102481
01156;1409823306;202984
01157;1409823306;302349
01158;1409823306;402789
01159;1409823306;502210
01160;1409823306;602684
01161;1409823306;702084
01162;1409823306;802555
01163;1409823306;903020
01164;1409823307;2412
01165;1409823307;102875
01166;1409823307;202256
01167;1409823307;302740
01168;1409823307;402157
01169;1409823307;502583
01170;1409823307;602984
01171;1409823307;702404
01172;1409823307;802873
01173;1409823307;902264
01174;1409823308;2719
01175;1409823308;102129
01176;1409823308;202599
01177;1409823308;302997
01178;1409823308;402341
01179;1409823308;502795
01180;1409823308;602220
01181;1409823308;702682
01182;1409823308;802140
01183;1409823308;902607
01184;1409823309;3070
01185;1409823309;102467
01186;1409823309;202926
01187;1409823309;302310
01188;1409823309;402763
01189;1409823309;502193
01190;1409823309;602663
01191;1409823309;702073
01192;1409823309;802481
01193;1409823309;902946
01194;1409823310;2291
01195;1409823310;102807
01196;1409823310;202248
01197;1409823310;302709
01198;1409823310;402106
01199;1409823310;502571
01200;1409823310;603037
01201;1409823310;702433
01202;1409823310;802898
01203;1409823310;902286
01204;1409823311;2742
01205;1409823311;102221
01206;1409823311;202733
01207;1409823311;302155
01208;1409823311;402629
01209;1409823311;503085
01210;1409823311;602441
01211;1409823311;702905
01212;1409823311;802296
01213;1409823311;902741
01214;1409823312;2142
01215;1409823312;102591
01216;1409823312;203052
01217;1409823312;302435
01218;1409823312;402885
01219;1409823312;502294
01220;1409823312;602731
01221;1409823312;702143
01222;1409823312;802595
01223;1409823312;903052
01224;1409823313;2392
01225;1409823313;102919
01226;1409823313;202305
01227;1409823313;302757
01228;1409823313;402169
01229;1409823313;502621
01230;1409823313;603080
01231;1409823313;702470
01232;1409823313;802922
01233;1409823313;902314
01234;1409823314;2761
01235;1409823314;102158
01236;1409823314;202609
01237;1409823314;303065
01238;1409823314;402440
01239;1409823314;502889
01240;1409823314;602299
01241;1409823314;702740
01242;1409823314;802146
01243;1409823314;902577
01244;1409823315;3026
01245;1409823315;102414
01246;1409823315;202834
01247;1409823315;302234
01248;1409823315;402649
01249;1409823315;503070
01250;1409823315;602411
01251;1409823315;702821
01252;1409823315;802198
01253;1409823315;902638
01254;1409823316;3100
01255;1409823316;102487
01256;1409823316;202941
01257;1409823316;302304
01258;1409823316;402743
01259;1409823316;502135
01260;1409823316;602579
01261;1409823316;703044
01262;1409823316;802421
01263;1409823316;902879
01264;1409823317;2290
01265;1409823317;102799
01266;1409823317;202210
01267;1409823317;302679
01268;1409823317;403143
01269;1409823317;502535
01270;1409823317;602992
01271;1409823317;702375
01272;1409823317;802827
01273;1409823317;902242
01274;1409823318;2717
01275;1409823318;102128
01276;1409823318;202586
01277;1409823318;303052
01278;1409823318;402445
01279;1409823318;502903
01280;1409823318;602320
01281;1409823318;702774
01282;1409823318;802179
01283;1409823318;902621
01284;1409823319;3071
01285;1409823319;102414
01286;1409823319;202855
01287;1409823319;302265
01288;1409823319;402707
01289;1409823319;503159
01290;1409823319;602581
01291;1409823319;703050
01292;1409823319;802429
01293;1409823319;902870
01294;1409823320;2276
01295;1409823320;102705
01296;1409823320;203156
01297;1409823320;302544
01298;1409823320;403014
01299;1409823320;502400
01300;1409823320;602850
01301;1409823320;702262
01302;1409823320;802734
01303;1409823320;903200
01304;1409823321;2601
01305;1409823321;103105
01306;1409823321;202529
01307;1409823321;302977
01308;1409823321;402358
01309;1409823321;502804
01310;1409823321;602212
01311;1409823321;702675
01312;1409823321;803129
01313;1409823321;902527
01314;1409823322;2969
01315;1409823322;102364
01316;1409823322;202810
01317;1409823322;302231
01318;1409823322;402686
01319;1409823322;503144
01320;1409823322;602507
01321;1409823322;702974
01322;1409823322;802353
01323;1409823322;902801
01324;1409823323;2202
01325;1409823323;102718
01326;1409823323;203209
01327;1409823323;302615
01328;1409823323;403062
01329;1409823323;502442
01330;1409823323;602888
01331;1409823323;702291
01332;1409823323;802731
01333;1409823323;903183
01334;1409823324;2590
01335;1409823324;103106
01336;1409823324;202482
01337;1409823324;303138
01338;1409823324;402542
01339;1409823324;502983
01340;1409823324;602385
01341;1409823324;702817
01342;1409823324;802227
01343;1409823324;902667
01344;1409823325;3137
01345;1409823325;102542
01346;1409823325;203003
01347;1409823325;302397
01348;1409823325;402842
01349;1409823325;502233
01350;1409823325;602677
01351;1409823325;703119
01352;1409823325;802523
01353;1409823325;902972
01354;1409823326;2370
01355;1409823326;102853
01356;1409823326;202292
01357;1409823326;302742
01358;1409823326;403205
01359;1409823326;502595
01360;1409823326;603063
01361;1409823326;702480
01362;1409823326;802948
01363;1409823326;902370
01364;1409823327;2826
01365;1409823327;102237
01366;1409823327;202691
01367;1409823327;303168
01368;1409823327;402563
01369;1409823327;503023
01370;1409823327;602431
01371;1409823327;702896
01372;1409823327;802272
01373;1409823327;902754
01374;1409823328;3221
01375;1409823328;102613
01376;1409823328;203079
01377;1409823328;302469
01378;1409823328;402874
01379;1409823328;502248
01380;1409823328;602728
01381;1409823328;703213
01382;1409823328;802619
01383;1409823328;903087
01384;1409823329;2423
01385;1409823329;102947
01386;1409823329;202284
01387;1409823329;302737
01388;1409823329;403203
01389;1409823329;502598
01390;1409823329;603062
01391;1409823329;702443
01392;1409823329;802898
01393;1409823329;902228
01394;1409823330;2685
01395;1409823330;103214
01396;1409823330;202609
01397;1409823330;303070
01398;1409823330;402496
01399;1409823330;502963
01400;1409823330;602387
01401;1409823330;702770
01402;1409823330;803236
01403;1409823330;902630
01404;1409823331;3080
01405;1409823331;102455
01406;1409823331;202904
01407;1409823331;302321
01408;1409823331;402771
01409;1409823331;503233
01410;1409823331;602631
01411;1409823331;703097
01412;1409823331;802482
01413;1409823331;902936
01414;1409823332;2318
01415;1409823332;102827
01416;1409823332;202237
01417;1409823332;302687
01418;1409823332;403143
01419;1409823332;502543
01420;1409823332;603002
01421;1409823332;702390
01422;1409823332;802835
01423;1409823332;902247
01424;1409823333;2696
01425;1409823333;103224
01426;1409823333;202612
01427;1409823333;303073
01428;1409823333;402427
01429;1409823333;502892
01430;1409823333;602331
01431;1409823333;702799
01432;1409823333;803269
01433;1409823333;902687
01434;1409823334;3148
01435;1409823334;102611
01436;1409823334;203076
01437;1409823334;302484
01438;1409823334;402953
01439;1409823334;502372
01440;1409823334;602819
01441;1409823334;702228
01442;1409823334;802678
01443;1409823334;903136
01444;1409823335;2537
01445;1409823335;102933
01446;1409823335;202359
01447;1409823335;302796
01448;1409823335;403250
01449;1409823335;502641
01450;1409823335;603085
01451;1409823335;702473
01452;1409823335;802909
01453;1409823335;902297
01454;1409823336;2720
01455;1409823336;103167
01456;1409823336;202545
01457;1409823336;302989
01458;1409823336;402384
01459;1409823336;502814
01460;1409823336;603254
01461;1409823336;702632
01462;1409823336;803078
01463;1409823336;902484
01464;1409823337;2933
01465;1409823337;102325
01466;1409823337;202770
01467;1409823337;303233
01468;1409823337;402618
01469;1409823337;503071
01470;1409823337;602483
01471;1409823337;702945
01472;1409823337;802354
01473;1409823337;902804
01474;1409823338;3272
01475;1409823338;102739
01476;1409823338;203193
01477;1409823338;302585
01478;1409823338;403034
01479;1409823338;502446
01480;1409823338;602892
01481;1409823338;702500
01482;1409823338;802944
01483;1409823338;902351
01484;1409823339;2792
01485;1409823339;103254
01486;1409823339;202631
01487;1409823339;303125
01488;1409823339;402515
01489;1409823339;502962
01490;1409823339;602351
01491;1409823339;702785
01492;1409823339;803235
01493;1409823339;902612
01494;1409823340;3052
01495;1409823340;102501
01496;1409823340;202913
01497;1409823340;303355
01498;1409823340;402695
01499;1409823340;503192
01500;1409823340;602603
01501;1409823340;703064
01502;1409823340;802446
01503;1409823340;902889
01504;1409823341;3357
01505;1409823341;102744
01506;1409823341;203204
01507;1409823341;302547
01508;1409823341;402991
01509;1409823341;502404
01510;1409823341;602858
01511;1409823341;703324
01512;1409823341;802714
01513;1409823341;903160
01514;1409823342;2536
01515;1409823342;102978
01516;1409823342;202385
01517;1409823342;302858
01518;1409823342;403318
01519;1409823342;502706
01520;1409823342;603170
01521;1409823342;702579
01522;1409823342;803045
01523;1409823342;902439
01524;1409823343;2896
01525;1409823343;103372
01526;1409823343;202798
01527;1409823343;303262
01528;1409823343;402682
01529;1409823343;503140
01530;1409823343;602560
01531;1409823343;703011
01532;1409823343;802415
01533;1409823343;902848
01534;1409823344;3301
01535;1409823344;102751
01536;1409823344;203209
01537;1409823344;302620
01538;1409823344;403041
01539;1409823344;502417
01540;1409823344;602858
01541;1409823344;703289
01542;1409823344;802672
01543;1409823344;903086
01544;1409823345;2518
01545;1409823345;102934
01546;1409823345;203352
01547;1409823345;302697
01548;1409823345;403149
01549;1409823345;502590
01550;1409823345;603052
01551;1409823345;702471
01552;1409823345;802933
01553;1409823345;902350
01554;1409823346;2791
01555;1409823346;103247
01556;1409823346;202659
01557;1409823346;303118
01558;1409823346;402534
01559;1409823346;502986
01560;1409823346;602405
01561;1409823346;702851
01562;1409823346;803320
01563;1409823346;902713
01564;1409823347;3157
01565;1409823347;102573
01566;1409823347;203067
01567;1409823347;302476
01568;1409823347;402919
01569;1409823347;503379
01570;1409823347;602744
01571;1409823347;703196
01572;1409823347;802601
01573;1409823347;903026
01574;1409823348;2424
01575;1409823348;102832
01576;1409823348;203259
01577;1409823348;302638
01578;1409823348;403054
01579;1409823348;502418
01580;1409823348;602823
01581;1409823348;703250
01582;1409823348;802603
01583;1409823348;903064
01584;1409823349;2420
01585;1409823349;102831
01586;1409823349;203283
01587;1409823349;302665
01588;1409823349;403104
01589;1409823349;502564
01590;1409823349;603005
01591;1409823349;702408
01592;1409823349;802841
01593;1409823349;903293
01594;1409823350;2676
01595;1409823350;103126
01596;1409823350;202557
01597;1409823350;303002
01598;1409823350;402425
01599;1409823350;502867
01600;1409823350;603348
01601;1409823350;702740
01602;1409823350;803202
01603;1409823350;902607
01604;1409823351;3063
01605;1409823351;102523
01606;1409823351;203003
01607;1409823351;302410
01608;1409823351;402855
01609;1409823351;503284
01610;1409823351;602624
01611;1409823351;703083
01612;1409823351;802497
01613;1409823351;902938
01614;1409823352;3396
01615;1409823352;102745
01616;1409823352;203205
01617;1409823352;302617
01618;1409823352;403049
01619;1409823352;502471
01620;1409823352;602909
01621;1409823352;703380
01622;1409823352;802806
01623;1409823352;903283
01624;1409823353;2673
01625;1409823353;103220
01626;1409823353;202633
01627;1409823353;303088
01628;1409823353;402524
01629;1409823353;502968
01630;1409823353;603437
01631;1409823353;702841
01632;1409823353;803308
01633;1409823353;902694
01634;1409823354;3156
01635;1409823354;102592
01636;1409823354;203012
01637;1409823354;303402
01638;1409823354;402784
01639;1409823354;503204
01640;1409823354;602640
01641;1409823354;703055
01642;1409823354;802426
01643;1409823354;902867
01644;1409823355;3310
01645;1409823355;102684
01646;1409823355;203124
01647;1409823355;302518
01648;1409823355;402971
01649;1409823355;503429
01650;1409823355;602798
01651;1409823355;703253
01652;1409823355;802686
01653;1409823355;903152
01654;1409823356;2576
01655;1409823356;103084
01656;1409823356;202501
01657;1409823356;302940
01658;1409823356;403373
01659;1409823356;502750
01660;1409823356;603205
01661;1409823356;702592
01662;1409823356;803039
01663;1409823356;903487
01664;1409823357;2867
01665;1409823357;103384
01666;1409823357;202782
01667;1409823357;303239
01668;1409823357;402650
01669;1409823357;503105
01670;1409823357;602544
01671;1409823357;703010
01672;1409823357;803479
01673;1409823357;902831
01674;1409823358;3292
01675;1409823358;102668
01676;1409823358;203116
01677;1409823358;302539
01678;1409823358;402975
01679;1409823358;503433
01680;1409823358;602813
01681;1409823358;703265
01682;1409823358;802657
01683;1409823358;903115
01684;1409823359;2531
01685;1409823359;103045
01686;1409823359;202483
01687;1409823359;302932
01688;1409823359;403374
01689;1409823359;502756
01690;1409823359;603214
01691;1409823359;702638
01692;1409823359;803092
01693;1409823359;902503
01694;1409823360;2934
01695;1409823360;102469
01696;1409823360;202942
01697;1409823360;303410
01698;1409823360;402792
01699;1409823360;503207
01700;1409823360;602639
01701;1409823360;703045
01702;1409823360;803471
01703;1409823360;902819
01704;1409823361;3269
01705;1409823361;102686
01706;1409823361;203139
01707;1409823361;302553
01708;1409823361;402989
01709;1409823361;503448
01710;1409823361;602785
01711;1409823361;703236
01712;1409823361;802697
01713;1409823361;903162
01714;1409823362;2616
01715;1409823362;103139
01716;1409823362;202579
01717;1409823362;303031
01718;1409823362;402494
01719;1409823362;502939
01720;1409823362;603386
01721;1409823362;702766
01722;1409823362;803232
01723;1409823362;902640
01724;1409823363;3085
01725;1409823363;102562
01726;1409823363;203015
01727;1409823363;303482
01728;1409823363;402860
01729;1409823363;503283
01730;1409823363;602699
01731;1409823363;703149
01732;1409823363;802638
01733;1409823363;903089
01734;1409823364;2519
01735;1409823364;103032
01736;1409823364;203506
01737;1409823364;302897
01738;1409823364;403333
01739;1409823364;502723
01740;1409823364;603182
01741;1409823364;702602
01742;1409823364;803076
01743;1409823364;903538
01744;1409823365;2905
01745;1409823365;103355
01746;1409823365;202725
01747;1409823365;303170
01748;1409823365;402592
01749;1409823365;503039
01750;1409823365;603502
01751;1409823365;702841
01752;1409823365;803293
01753;1409823365;902717
01754;1409823366;3160
01755;1409823366;102645
01756;1409823366;203090
01757;1409823366;302517
01758;1409823366;402961
01759;1409823366;503423
01760;1409823366;602804
01761;1409823366;703257
01762;1409823366;802676
01763;1409823366;903123
01764;1409823367;2540
01765;1409823367;102987
01766;1409823367;203420
01767;1409823367;302814
01768;1409823367;403259
01769;1409823367;502717
01770;1409823367;603109
01771;1409823367;702558
01772;1409823367;802967
01773;1409823367;903391
01774;1409823368;2764
01775;1409823368;103177
01776;1409823368;202578
01777;1409823368;302987
01778;1409823368;403400
01779;1409823368;502784
01780;1409823368;603232
01781;1409823368;702690
01782;1409823368;803156
01783;1409823368;902580
01784;1409823369;3029
01785;1409823369;103494
01786;1409823369;202891
01787;1409823369;303328
01788;1409823369;402747
01789;1409823369;503197
01790;1409823369;602599
01791;1409823369;703046
01792;1409823369;803499
01793;1409823369;902864
01794;1409823370;3303
01795;1409823370;102704
01796;1409823370;203217
01797;1409823370;302620
01798;1409823370;403058
01799;1409823370;503496
01800;1409823370;602867
01801;1409823370;703317
01802;1409823370;802723
01803;1409823370;903170
01804;1409823371;2575
01805;1409823371;103008
01806;1409823371;203472
01807;1409823371;302846
01808;1409823371;403290
01809;1409823371;502693
01810;1409823371;603130
01811;1409823371;703602
01812;1409823371;802981
01813;1409823371;903426
01814;1409823372;2815
01815;1409823372;103256
01816;1409823372;202663
01817;1409823372;303094
01818;1409823372;403551
01819;1409823372;502916
01820;1409823372;603367
01821;1409823372;702777
01822;1409823372;803239
01823;1409823372;902655
01824;1409823373;3111
01825;1409823373;102593
01826;1409823373;203045
01827;1409823373;303502
01828;1409823373;402880
01829;1409823373;503338
01830;1409823373;602746
01831;1409823373;703210
01832;1409823373;802642
01833;1409823373;903090
01834;1409823374;3559
01835;1409823374;103003
01836;1409823374;203419
01837;1409823374;302800
01838;1409823374;403249
01839;1409823374;502667
01840;1409823374;603120
01841;1409823374;703589
01842;1409823374;802975
01843;1409823374;903432
01844;1409823375;2811
01845;1409823375;103315
01846;1409823375;202768
01847;1409823375;303218
01848;1409823375;402595
01849;1409823375;503033
01850;1409823375;603486
01851;1409823375;702871
01852;1409823375;803317
01853;1409823375;902725
01854;1409823376;3166
01855;1409823376;102597
01856;1409823376;203003
01857;1409823376;303434
01858;1409823376;402823
01859;1409823376;503293
01860;1409823376;602714
01861;1409823376;703162
01862;1409823376;802601
01863;1409823376;903051
01864;1409823377;3515
01865;1409823377;102903
01866;1409823377;203360
01867;1409823377;302771
01868;1409823377;403219
01869;1409823377;502638
01870;1409823377;603068
01871;1409823377;703531
01872;1409823377;802924
01873;1409823377;903373
01874;1409823378;2790
01875;1409823378;103238
01876;1409823378;202659
01877;1409823378;303097
01878;1409823378;403525
01879;1409823378;502903
01880;1409823378;603278
01881;1409823378;702665
01882;1409823378;803071
01883;1409823378;903456
01884;1409823379;2852
01885;1409823379;103260
01886;1409823379;202621
01887;1409823379;303016
01888;1409823379;403387
01889;1409823379;502822
01890;1409823379;603236
01891;1409823379;702625
01892;1409823379;803024
01893;1409823379;903388
01894;1409823380;2817
01895;1409823380;103219
01896;1409823380;203654
01897;1409823380;302992
01898;1409823380;403388
01899;1409823380;502819
01900;1409823380;603219
01901;1409823380;702595
01902;1409823380;802990
01903;1409823380;903384
01904;1409823381;2817
01905;1409823381;103223
01906;1409823381;203668
01907;1409823381;303007
01908;1409823381;403391
01909;1409823381;502820
01910;1409823381;603320
01911;1409823381;702722
01912;1409823381;803157
01913;1409823381;903617
01914;1409823382;2998
01915;1409823382;103438
01916;1409823382;202874
01917;1409823382;303289
01918;1409823382;402708
01919;1409823382;503119
01920;1409823382;603551
01921;1409823382;702930
01922;1409823382;803376
01923;1409823382;902780
01924;1409823383;3191
01925;1409823383;103624
01926;1409823383;203042
01927;1409823383;303460
01928;1409823383;402884
01929;1409823383;503275
01930;1409823383;602701
01931;1409823383;703108
01932;1409823383;803601
01933;1409823383;902985
01934;1409823384;3430
01935;1409823384;102831
01936;1409823384;203271
01937;1409823384;302725
01938;1409823384;403161
01939;1409823384;503637
01940;1409823384;603027
01941;1409823384;703487
01942;1409823384;802867
01943;1409823384;903305
01944;1409823385;2706
01945;1409823385;103149
01946;1409823385;203616
01947;1409823385;302950
01948;1409823385;403394
01949;1409823385;502794
01950;1409823385;603224
01951;1409823385;703685
01952;1409823385;802986
01953;1409823385;903433
01954;1409823386;2836
01955;1409823386;103274
01956;1409823386;202679
01957;1409823386;303113
01958;1409823386;403565
01959;1409823386;502945
01960;1409823386;603380
01961;1409823386;702781
01962;1409823386;803212
01963;1409823386;903678
01964;1409823387;3027
01965;1409823387;103486
01966;1409823387;202960
01967;1409823387;303413
01968;1409823387;402815
01969;1409823387;503260
01970;1409823387;602700
01971;1409823387;703144
01972;1409823387;803618
01973;1409823387;903009
01974;1409823388;3427
01975;1409823388;102886
01976;1409823388;203365
01977;1409823388;302789
01978;1409823388;403251
01979;1409823388;503730
01980;1409823388;603109
01981;1409823388;703594
01982;1409823388;802985
01983;1409823388;903434
01984;1409823389;2838
01985;1409823389;103287
01986;1409823389;203748
01987;1409823389;303132
01988;1409823389;403613
01989;1409823389;503002
01990;1409823389;603435
01991;1409823389;702844
01992;1409823389;803292
01993;1409823389;903745
01994;1409823390;3155
01995;1409823390;103651
01996;1409823390;203041
01997;1409823390;303484
01998;1409823390;402903
01999;1409823390;503362
02000;1409823390;602786
02001;1409823390;703244
02002;1409823390;803712
02003;1409823390;903094
02004;1409823391;3560
02005;1409823391;102950
02006;1409823391;203408
02007;1409823391;302820
02008;1409823391;403275
02009;1409823391;503736
02010;1409823391;603127
02011;1409823391;703618
02012;1409823391;803000
02013;1409823391;903450
02014;1409823392;2855
02015;1409823392;103300
02016;1409823392;202768
02017;1409823392;303216
02018;1409823392;403682
02019;1409823392;503061
02020;1409823392;603521
02021;1409823392;702940
02022;1409823392;803407
02023;1409823392;902784
02024;1409823393;3225
02025;1409823393;103664
02026;1409823393;203051
02027;1409823393;303452
02028;1409823393;402870
02029;1409823393;503271
02030;1409823393;603710
02031;1409823393;703071
02032;1409823393;803496
02033;1409823393;902950
02034;1409823394;3365
02035;1409823394;103788
02036;1409823394;203129
02037;1409823394;303717
02038;1409823394;403122
02039;1409823394;503598
02040;1409823394;602977
02041;1409823394;703430
02042;1409823394;802837
02043;1409823394;903247
02044;1409823395;3721
02045;1409823395;103081
02046;1409823395;203562
02047;1409823395;302964
02048;1409823395;403367
02049;1409823395;502770
02050;1409823395;603203
02051;1409823395;703676
02052;1409823395;803048
02053;1409823395;903487
02054;1409823396;2897
02055;1409823396;103312
02056;1409823396;203781
02057;1409823396;303138
02058;1409823396;403596
02059;1409823396;502981
02060;1409823396;603416
02061;1409823396;702827
02062;1409823396;803252
02063;1409823396;903701
02064;1409823397;3085
02065;1409823397;103566
02066;1409823397;202977
02067;1409823397;303421
02068;1409823397;402835
02069;1409823397;503266
02070;1409823397;603719
02071;1409823397;703091
02072;1409823397;803550
02073;1409823397;902958
02074;1409823398;3365
02075;1409823398;103810
02076;1409823398;203190
02077;1409823398;303655
02078;1409823398;403040
02079;1409823398;503499
02080;1409823398;602904
02081;1409823398;703341
02082;1409823398;803811
02083;1409823398;903189
02084;1409823399;3709
02085;1409823399;103054
02086;1409823399;203504
02087;1409823399;302880
02088;1409823399;403306
02089;1409823399;503765
02090;1409823399;603139
02091;1409823399;703600
02092;1409823399;803002
02093;1409823399;903443
02094;1409823400;2839
02095;1409823400;103277
02096;1409823400;203783
02097;1409823400;303164
02098;1409823400;403616
02099;1409823400;503029
02100;1409823400;603480
02101;1409823400;702894
02102;1409823400;803349
02103;1409823400;903810
02104;1409823401;3185
02105;1409823401;103653
02106;1409823401;203058
02107;1409823401;303519
02108;1409823401;402944
02109;1409823401;503389
02110;1409823401;602798
02111;1409823401;703239
02112;1409823401;803699
02113;1409823401;903075
02114;1409823402;3527
02115;1409823402;102942
02116;1409823402;203444
02117;1409823402;302852
02118;1409823402;403289
02119;1409823402;503739
02120;1409823402;603110
02121;1409823402;703585
02122;1409823402;802996
02123;1409823402;903397
02124;1409823403;3819
02125;1409823403;103165
02126;1409823403;203626
02127;1409823403;303035
02128;1409823403;403474
02129;1409823403;502881
02130;1409823403;603312
02131;1409823403;703769
02132;1409823403;803142
02133;1409823403;903563
02134;1409823404;2966
02135;1409823404;103364
02136;1409823404;203826
02137;1409823404;303161
02138;1409823404;403670
02139;1409823404;503043
02140;1409823404;603495
02141;1409823404;702862
02142;1409823404;803322
02143;1409823404;903823
02144;1409823405;3199
02145;1409823405;103666
02146;1409823405;203049
02147;1409823405;303524
02148;1409823405;402922
02149;1409823405;503284
02150;1409823405;603729
02151;1409823405;703135
02152;1409823405;803571
02153;1409823405;902963
02154;1409823406;3349
02155;1409823406;103824
02156;1409823406;203216
02157;1409823406;303633
02158;1409823406;403044
02159;1409823406;503442
02160;1409823406;603857
02161;1409823406;703189
02162;1409823406;803616
02163;1409823406;903031
02164;1409823407;3430
02165;1409823407;103856
02166;1409823407;203195
02167;1409823407;303614
02168;1409823407;403021
02169;1409823407;503422
02170;1409823407;603841
02171;1409823407;703134
02172;1409823407;803547
02173;1409823407;902978
02174;1409823408;3381
02175;1409823408;103801
02176;1409823408;203131
02177;1409823408;303584
02178;1409823408;402984
02179;1409823408;503418
02180;1409823408;603865
02181;1409823408;703242
02182;1409823408;803691
02183;1409823408;903068
02184;1409823409;3469
02185;1409823409;102871
02186;1409823409;203265
02187;1409823409;303683
02188;1409823409;403071
02189;1409823409;503475
02190;1409823409;603894
02191;1409823409;703231
02192;1409823409;803649
02193;1409823409;903105
02194;1409823410;3523
02195;1409823410;102896
02196;1409823410;203289
02197;1409823410;303739
02198;1409823410;403102
02199;1409823410;503601
02200;1409823410;603013
02201;1409823410;703450
02202;1409823410;803920
02203;1409823410;903295
02204;1409823411;3748
02205;1409823411;103123
02206;1409823411;203580
02207;1409823411;302992
02208;1409823411;403420
02209;1409823411;503858
02210;1409823411;603221
02211;1409823411;703644
02212;1409823411;803054
02213;1409823411;903445
02214;1409823412;3861
02215;1409823412;103188
02216;1409823412;203644
02217;1409823412;303141
02218;1409823412;403609
02219;1409823412;502986
02220;1409823412;603375
02221;1409823412;703806
02222;1409823412;803186
02223;1409823412;903640
02224;1409823413;3043
02225;1409823413;103484
02226;1409823413;202952
02227;1409823413;303394
02228;1409823413;403863
02229;1409823413;503244
02230;1409823413;603691
02231;1409823413;703106
02232;1409823413;803534
02233;1409823413;902956
02234;1409823414;3390
02235;1409823414;103841
02236;1409823414;203212
02237;1409823414;303674
02238;1409823414;403088
02239;1409823414;503558
02240;1409823414;602960
02241;1409823414;703408
02242;1409823414;803864
02243;1409823414;903238
02244;1409823415;3688
02245;1409823415;103100
02246;1409823415;203545
02247;1409823415;302940
02248;1409823415;403376
02249;1409823415;503822
02250;1409823415;603191
02251;1409823415;703611
02252;1409823415;802974
02253;1409823415;903373
02254;1409823416;3829
02255;1409823416;103171
02256;1409823416;203635
02257;1409823416;303088
02258;1409823416;403552
02259;1409823416;502964
02260;1409823416;603419
02261;1409823416;703856
02262;1409823416;803256
02263;1409823416;903719
02264;1409823417;3101
02265;1409823417;103579
02266;1409823417;203090
02267;1409823417;303521
02268;1409823417;403952
02269;1409823417;503298
02270;1409823417;603754
02271;1409823417;703140
02272;1409823417;803607
02273;1409823417;903018
02274;1409823418;3478
02275;1409823418;103942
02276;1409823418;203308
02277;1409823418;303759
02278;1409823418;403150
02279;1409823418;503601
02280;1409823418;603003
02281;1409823418;703424
02282;1409823418;803893
02283;1409823418;903225
02284;1409823419;3680
02285;1409823419;103090
02286;1409823419;203505
02287;1409823419;303931
02288;1409823419;403268
02289;1409823419;503675
02290;1409823419;603075
02291;1409823419;703491
02292;1409823419;803910
02293;1409823419;903238
02294;1409823420;3658
02295;1409823420;103056
02296;1409823420;203549
02297;1409823420;302988
02298;1409823420;403414
02299;1409823420;503882
02300;1409823420;603247
02301;1409823420;703742
02302;1409823420;803135
02303;1409823420;903620
02304;1409823421;3042
02305;1409823421;103492
02306;1409823421;203958
02307;1409823421;303339
02308;1409823421;403804
02309;1409823421;503177
02310;1409823421;603627
02311;1409823421;703042
02312;1409823421;803486
02313;1409823421;903945
02314;1409823422;3320
02315;1409823422;103761
02316;1409823422;203163
02317;1409823422;303626
02318;1409823422;403047
02319;1409823422;503487
02320;1409823422;603949
02321;1409823422;703334
02322;1409823422;803797
02323;1409823422;903185
02324;1409823423;3639
02325;1409823423;103057
02326;1409823423;203612
02327;1409823423;303028
02328;1409823423;403469
02329;1409823423;503931
02330;1409823423;603299
02331;1409823423;703752
02332;1409823423;803160
02333;1409823423;903626
02334;1409823424;3030
02335;1409823424;103454
02336;1409823424;203914
02337;1409823424;303303
02338;1409823424;403754
02339;1409823424;503163
02340;1409823424;603621
02341;1409823424;703035
02342;1409823424;803472
02343;1409823424;903928
02344;1409823425;3307
02345;1409823425;103764
02346;1409823425;203170
02347;1409823425;303632
02348;1409823425;403041
02349;1409823425;503486
02350;1409823425;603949
02351;1409823425;703335
02352;1409823425;803791
02353;1409823425;903203
02354;1409823426;3661
02355;1409823426;103072
02356;1409823426;203538
02357;1409823426;304005
02358;1409823426;403348
02359;1409823426;503806
02360;1409823426;603197
02361;1409823426;703600
02362;1409823426;803003
02363;1409823426;903429
02364;1409823427;3878
02365;1409823427;103246
02366;1409823427;203718
02367;1409823427;303138
02368;1409823427;403622
02369;1409823427;503037
02370;1409823427;603593
02371;1409823427;703054
02372;1409823427;803480
02373;1409823427;903916
02374;1409823428;3264
02375;1409823428;103683
02376;1409823428;203069
02377;1409823428;303500
02378;1409823428;404009
02379;1409823428;503402
02380;1409823428;603871
02381;1409823428;703227
02382;1409823428;803690
02383;1409823428;903099
02384;1409823429;3586
02385;1409823429;104044
02386;1409823429;203423
02387;1409823429;303863
02388;1409823429;403239
02389;1409823429;503676
02390;1409823429;603075
02391;1409823429;703500
02392;1409823429;803957
02393;1409823429;903325
02394;1409823430;3760
02395;1409823430;103155
02396;1409823430;203596
02397;1409823430;304048
02398;1409823430;403437
02399;1409823430;503888
02400;1409823430;603292
02401;1409823430;703740
02402;1409823430;803156
02403;1409823430;903626
02404;1409823431;3038
02405;1409823431;103477
02406;1409823431;204042
02407;1409823431;303428
02408;1409823431;403887
02409;1409823431;503269
02410;1409823431;603730
02411;1409823431;703135
02412;1409823431;803580
02413;1409823431;904041
02414;1409823432;3421
02415;1409823432;103881
02416;1409823432;203327
02417;1409823432;303781
02418;1409823432;403214
02419;1409823432;503672
02420;1409823432;603083
02421;1409823432;703557
02422;1409823432;804024
02423;1409823432;903413
02424;1409823433;3869
02425;1409823433;103273
02426;1409823433;203813
02427;1409823433;303230
02428;1409823433;403689
02429;1409823433;503137
02430;1409823433;603596
02431;1409823433;704040
02432;1409823433;803411
02433;1409823433;903843
02434;1409823434;3243
02435;1409823434;103685
02436;1409823434;203164
02437;1409823434;303662
02438;1409823434;403069
02439;1409823434;503472
02440;1409823434;603923
02441;1409823434;703295
02442;1409823434;803741
02443;1409823434;903151
02444;1409823435;3596
02445;1409823435;104063
02446;1409823435;203408
02447;1409823435;303866
02448;1409823435;403278
02449;1409823435;503730
02450;1409823435;603139
02451;1409823435;703590
02452;1409823435;804039
02453;1409823435;903404
02454;1409823436;3842
02455;1409823436;103245
02456;1409823436;203720
02457;1409823436;303163
02458;1409823436;403613
02459;1409823436;504071
02460;1409823436;603407
02461;1409823436;703858
02462;1409823436;803259
02463;1409823436;903704
02464;1409823437;3115
02465;1409823437;103569
02466;1409823437;204089
02467;1409823437;303480
02468;1409823437;403940
02469;1409823437;503286
02470;1409823437;603731
02471;1409823437;703130
02472;1409823437;803571
02473;1409823437;904027
02474;1409823438;3423
02475;1409823438;103879
02476;1409823438;203281
02477;1409823438;303728
02478;1409823438;403129
02479;1409823438;503579
02480;1409823438;604033
02481;1409823438;703417
02482;1409823438;803866
02483;1409823438;903282
02484;1409823439;3726
02485;1409823439;103134
02486;1409823439;203688
02487;1409823439;304150
02488;1409823439;403547
02489;1409823439;504001
02490;1409823439;603386
02491;1409823439;703882
02492;1409823439;803275
02493;1409823439;903724
02494;1409823440;3126
02495;1409823440;103591
02496;1409823440;204110
02497;1409823440;303516
02498;1409823440;403969
02499;1409823440;503361
02500;1409823440;603835
02501;1409823440;703244
02502;1409823440;803697
02503;1409823440;904165
02504;1409823441;3545
02505;1409823441;103975
02506;1409823441;203381
02507;1409823441;303812
02508;1409823441;403243
02509;1409823441;503747
02510;1409823441;603159
02511;1409823441;703614
02512;1409823441;804075
02513;1409823441;903461
02514;1409823442;3911
02515;1409823442;103324
02516;1409823442;203825
02517;1409823442;303230
02518;1409823442;403671
02519;1409823442;504131
02520;1409823442;603530
02521;1409823442;703976
02522;1409823442;803368
02523;1409823442;903815
02524;1409823443;3259
02525;1409823443;103728
02526;1409823443;203139
02527;1409823443;303599
02528;1409823443;404062
02529;1409823443;503409
02530;1409823443;603847
02531;1409823443;703265
02532;1409823443;803728
02533;1409823443;904188
02534;1409823444;3587
02535;1409823444;104047
02536;1409823444;203473
02537;1409823444;303933
02538;1409823444;403316
02539;1409823444;503755
02540;1409823444;603146
02541;1409823444;703618
02542;1409823444;804079
02543;1409823444;903455
02544;1409823445;3903
02545;1409823445;103321
02546;1409823445;203768
02547;1409823445;303174
02548;1409823445;403626
02549;1409823445;504078
02550;1409823445;603464
02551;1409823445;703923
02552;1409823445;803330
02553;1409823445;903774
02554;1409823446;3181
02555;1409823446;103633
02556;1409823446;204119
02557;1409823446;303518
02558;1409823446;403967
02559;1409823446;503375
02560;1409823446;603830
02561;1409823446;703246
02562;1409823446;803686
02563;1409823446;904144
02564;1409823447;3543
02565;1409823447;104006
02566;1409823447;203384
02567;1409823447;303843
02568;1409823447;403267
02569;1409823447;503715
02570;1409823447;604183
02571;1409823447;703602
02572;1409823447;804078
02573;1409823447;903453
02574;1409823448;3918
02575;1409823448;103390
02576;1409823448;203845
02577;1409823448;303267
02578;1409823448;403726
02579;1409823448;504190
02580;1409823448;603591
02581;1409823448;704054
02582;1409823448;803432
02583;1409823448;903869
02584;1409823449;3274
02585;1409823449;103726
02586;1409823449;204192
02587;1409823449;303583
02588;1409823449;404040
02589;1409823449;503419
02590;1409823449;603874
02591;1409823449;703275
02592;1409823449;803720
02593;1409823449;904177
02594;1409823450;3572
02595;1409823450;104029
02596;1409823450;203411
02597;1409823450;303869
02598;1409823450;403320
02599;1409823450;503767
02600;1409823450;604233
02601;1409823450;703671
02602;1409823450;804164
02603;1409823450;903571
02604;1409823451;4047
02605;1409823451;103418
02606;1409823451;203981
02607;1409823451;303387
02608;1409823451;403844
02609;1409823451;503267
02610;1409823451;603710
02611;1409823451;704186
02612;1409823451;803593
02613;1409823451;904055
02614;1409823452;3431
02615;1409823452;103886
02616;1409823452;203341
02617;1409823452;303791
02618;1409823452;403212
02619;1409823452;503671
02620;1409823452;604143
02621;1409823452;703493
02622;1409823452;803959
02623;1409823452;903378
02624;1409823453;3846
02625;1409823453;103214
02626;1409823453;203732
02627;1409823453;304201
02628;1409823453;403598
02629;1409823453;504059
02630;1409823453;603443
02631;1409823453;703900
02632;1409823453;803277
02633;1409823453;903737
02634;1409823454;4207
02635;1409823454;103589
02636;1409823454;204110
02637;1409823454;303516
02638;1409823454;403969
02639;1409823454;503384
02640;1409823454;603834
02641;1409823454;703254
02642;1409823454;803715
02643;1409823454;904184
02644;1409823455;3578
02645;1409823455;104035
02646;1409823455;203443
02647;1409823455;303899
02648;1409823455;403308
02649;1409823455;503744
02650;1409823455;604197
02651;1409823455;703589
02652;1409823455;804036
02653;1409823455;903444
02654;1409823456;3885
02655;1409823456;103300
02656;1409823456;203758
02657;1409823456;304225
02658;1409823456;403622
02659;1409823456;504084
02660;1409823456;603469
02661;1409823456;703930
02662;1409823456;803339
02663;1409823456;903739
02664;1409823457;4162
02665;1409823457;103554
02666;1409823457;203998
02667;1409823457;303403
02668;1409823457;403837
02669;1409823457;504289
02670;1409823457;603704
02671;1409823457;704161
02672;1409823457;803514
02673;1409823457;903980
02674;1409823458;3375
02675;1409823458;103826
02676;1409823458;203302
02677;1409823458;303751
02678;1409823458;404229
02679;1409823458;503625
02680;1409823458;604086
02681;1409823458;703479
02682;1409823458;803917
02683;1409823458;903326
02684;1409823459;3780
02685;1409823459;104244
02686;1409823459;203597
02687;1409823459;304056
02688;1409823459;403465
02689;1409823459;503914
02690;1409823459;603323
02691;1409823459;703768
02692;1409823459;804232
02693;1409823459;903628
02694;1409823460;4079
02695;1409823460;103464
02696;1409823460;203973
02697;1409823460;303385
02698;1409823460;403999
02699;1409823460;503409
02700;1409823460;603852
02701;1409823460;703259
02702;1409823460;803757
02703;1409823460;904199
02704;1409823461;3601
02705;1409823461;104063
02706;1409823461;203477
02707;1409823461;303926
02708;1409823461;403339
02709;1409823461;503775
02710;1409823461;604234
02711;1409823461;703619
02712;1409823461;804087
02713;1409823461;903502
02714;1409823462;3953
02715;1409823462;103308
02716;1409823462;203814
02717;1409823462;304282
02718;1409823462;403669
02719;1409823462;504128
02720;1409823462;603531
02721;1409823462;703995
02722;1409823462;803411
02723;1409823462;903847
02724;1409823463;4313
02725;1409823463;103703
02726;1409823463;204156
02727;1409823463;303552
02728;1409823463;404014
02729;1409823463;503440
02730;1409823463;603895
02731;1409823463;703304
02732;1409823463;803738
02733;1409823463;904194
02734;1409823464;3575
02735;1409823464;104042
02736;1409823464;203489
02737;1409823464;303915
02738;1409823464;404356
02739;1409823464;503704
02740;1409823464;604127
02741;1409823464;703523
02742;1409823464;803988
02743;1409823464;903369
02744;1409823465;3832
02745;1409823465;104299
02746;1409823465;203689
02747;1409823465;304149
02748;1409823465;403540
02749;1409823465;503995
02750;1409823465;603388
02751;1409823465;703841
02752;1409823465;804297
02753;1409823465;903689
02754;1409823466;4141
02755;1409823466;103538
02756;1409823466;204048
02757;1409823466;303466
02758;1409823466;403919
02759;1409823466;503331
02760;1409823466;603770
02761;1409823466;704229
02762;1409823466;803620
02763;1409823466;904078
02764;1409823467;3497
02765;1409823467;103944
02766;1409823467;203422
02767;1409823467;303868
02768;1409823467;404343
02769;1409823467;503728
02770;1409823467;604188
02771;1409823467;703576
02772;1409823467;803996
02773;1409823467;903381
02774;1409823468;3828
02775;1409823468;104291
02776;1409823468;203675
02777;1409823468;304138
02778;1409823468;403533
02779;1409823468;503990
02780;1409823468;603407
02781;1409823468;703861
02782;1409823468;804326
02783;1409823468;903715
02784;1409823469;4176
02785;1409823469;103567
02786;1409823469;204078
02787;1409823469;303492
02788;1409823469;403935
02789;1409823469;504337
02790;1409823469;603719
02791;1409823469;704124
02792;1409823469;803555
02793;1409823469;904000
02794;1409823470;3412
02795;1409823470;103858
02796;1409823470;204324
02797;1409823470;303700
02798;1409823470;404157
02799;1409823470;503570
02800;1409823470;604017
02801;1409823470;703435
02802;1409823470;803883
02803;1409823470;904344
02804;1409823471;3724
02805;1409823471;104173
02806;1409823471;203581
02807;1409823471;303998
02808;1409823471;403371
02809;1409823471;503812
02810;1409823471;604254
02811;1409823471;703634
02812;1409823471;804082
02813;1409823471;903490
02814;1409823472;3932
02815;1409823472;104392
02816;1409823472;203837
02817;1409823472;304299
02818;1409823472;403645
02819;1409823472;504102
02820;1409823472;603505
02821;1409823472;703955
02822;1409823472;803380
02823;1409823472;903826
02824;1409823473;4283
02825;1409823473;103678
02826;1409823473;204198
02827;1409823473;303602
02828;1409823473;404056
02829;1409823473;503447
02830;1409823473;603896
02831;1409823473;704317
02832;1409823473;803692
02833;1409823473;904136
02834;1409823474;3566
02835;1409823474;104007
02836;1409823474;204421
02837;1409823474;303786
02838;1409823474;404248
02839;1409823474;503631
02840;1409823474;604085
02841;1409823474;703505
02842;1409823474;803960
02843;1409823474;903385
02844;1409823475;3904
02845;1409823475;104388
02846;1409823475;203877
02847;1409823475;304344
02848;1409823475;403730
02849;1409823475;504187
02850;1409823475;603607
02851;1409823475;704068
02852;1409823475;803506
02853;1409823475;903960
02854;1409823476;4433
02855;1409823476;103825
02856;1409823476;204304
02857;1409823476;303651
02858;1409823476;404101
02859;1409823476;503544
02860;1409823476;603996
02861;1409823476;703406
02862;1409823476;803858
02863;1409823476;904313
02864;1409823477;3660
02865;1409823477;104118
02866;1409823477;203547
02867;1409823477;303993
02868;1409823477;403413
02869;1409823477;503858
02870;1409823477;604313
02871;1409823477;703670
02872;1409823477;804125
02873;1409823477;903548
02874;1409823478;4003
02875;1409823478;104454
02876;1409823478;203830
02877;1409823478;304282
02878;1409823478;403635
02879;1409823478;504081
02880;1409823478;603496
02881;1409823478;703941
02882;1409823478;804412
02883;1409823478;903806
02884;1409823479;4247
02885;1409823479;103646
02886;1409823479;204102
02887;1409823479;303557
02888;1409823479;404004
02889;1409823479;504454
02890;1409823479;603833
02891;1409823479;704272
02892;1409823479;803652
02893;1409823479;904091
02894;1409823480;3494
02895;1409823480;103976
02896;1409823480;204450
02897;1409823480;303870
02898;1409823480;404346
02899;1409823480;503733
02900;1409823480;604154
02901;1409823480;703585
02902;1409823480;804062
02903;1409823480;903436
02904;1409823481;3883
02905;1409823481;104322
02906;1409823481;203701
02907;1409823481;304141
02908;1409823481;403572
02909;1409823481;504016
02910;1409823481;604434
02911;1409823481;703817
02912;1409823481;804262
02913;1409823481;903661
02914;1409823482;4139
02915;1409823482;103560
02916;1409823482;204066
02917;1409823482;303504
02918;1409823482;403956
02919;1409823482;504239
02920;1409823482;603617
02921;1409823482;704069
02922;1409823482;804498
02923;1409823482;903876
02924;1409823483;4322
02925;1409823483;103707
02926;1409823483;204193
02927;1409823483;303630
02928;1409823483;404094
02929;1409823483;503514
02930;1409823483;603968
02931;1409823483;704432
02932;1409823483;803818
02933;1409823483;904263
02934;1409823484;3694
02935;1409823484;104153
02936;1409823484;203645
02937;1409823484;304092
02938;1409823484;403510
02939;1409823484;503954
02940;1409823484;604395
02941;1409823484;703790
02942;1409823484;804256
02943;1409823484;903688
02944;1409823485;4142
02945;1409823485;103555
02946;1409823485;204066
02947;1409823485;303470
02948;1409823485;403910
02949;1409823485;504365
02950;1409823485;603721
02951;1409823485;704177
02952;1409823485;803607
02953;1409823485;904053
02954;1409823486;4516
02955;1409823486;103889
02956;1409823486;204399
02957;1409823486;303790
02958;1409823486;404244
02959;1409823486;503671
02960;1409823486;604119
02961;1409823486;703549
02962;1409823486;803997
02963;1409823486;904449
02964;1409823487;3822
02965;1409823487;104267
02966;1409823487;203758
02967;1409823487;304227
02968;1409823487;403661
02969;1409823487;504113
02970;1409823487;603505
02971;1409823487;704006
02972;1409823487;804433
02973;1409823487;903809
02974;1409823488;4289
02975;1409823488;103697
02976;1409823488;204149
02977;1409823488;303557
02978;1409823488;403991
02979;1409823488;504435
02980;1409823488;603776
02981;1409823488;704248
02982;1409823488;803683
02983;1409823488;904125
02984;1409823489;4545
02985;1409823489;103938
02986;1409823489;204401
02987;1409823489;303770
02988;1409823489;404215
02989;1409823489;503641
02990;1409823489;604066
02991;1409823489;704526
02992;1409823489;803913
02993;1409823489;904372
02994;1409823490;3745
02995;1409823490;104198
02996;1409823490;203690
02997;1409823490;304130
02998;1409823490;403564
02999;1409823490;504029
03000;1409823490;604461
03001;1409823490;703840
03002;1409823490;804290
03003;1409823490;903702
03004;1409823491;4101
03005;1409823491;103534
03006;1409823491;204052
03007;1409823491;304509
03008;1409823491;403901
03009;1409823491;504348
03010;1409823491;603745
03011;1409823491;704178
03012;1409823491;803618
03013;1409823491;904056
03014;1409823492;4509
03015;1409823492;103875
03016;1409823492;204374
03017;1409823492;303755
03018;1409823492;404159
03019;1409823492;503584
03020;1409823492;603989
03021;1409823492;704444
03022;1409823492;803867
03023;1409823492;904315
03024;1409823493;3718
03025;1409823493;104163
03026;1409823493;203659
03027;1409823493;304094
03028;1409823493;404518
03029;1409823493;503867
03030;1409823493;604314
03031;1409823493;703727
03032;1409823493;804171
03033;1409823493;903601
03034;1409823494;4048
03035;1409823494;104504
03036;1409823494;203940
03037;1409823494;304388
03038;1409823494;403769
03039;1409823494;504205
03040;1409823494;603629
03041;1409823494;704061
03042;1409823494;804520
03043;1409823494;903891
03044;1409823495;4342
03045;1409823495;103756
03046;1409823495;204277
03047;1409823495;303688
03048;1409823495;404129
03049;1409823495;503555
03050;1409823495;603965
03051;1409823495;704411
03052;1409823495;803777
03053;1409823495;904212
03054;1409823496;3636
03055;1409823496;104073
03056;1409823496;204557
03057;1409823496;303934
03058;1409823496;404386
03059;1409823496;503744
03060;1409823496;604191
03061;1409823496;703616
03062;1409823496;804053
03063;1409823496;904499
03064;1409823497;3888
03065;1409823497;104317
03066;1409823497;203683
03067;1409823497;304116
03068;1409823497;404537
03069;1409823497;503898
03070;1409823497;604348
03071;1409823497;703746
03072;1409823497;804183
03073;1409823497;903608
03074;1409823498;4040
03075;1409823498;104486
03076;1409823498;203860
03077;1409823498;304291
03078;1409823498;403687
03079;1409823498;504128
03080;1409823498;604629
03081;1409823498;704009
03082;1409823498;804468
03083;1409823498;903836
03084;1409823499;4283
03085;1409823499;103698
03086;1409823499;204252
03087;1409823499;303659
03088;1409823499;404101
03089;1409823499;504594
03090;1409823499;603973
03091;1409823499;704424
03092;1409823499;803809
03093;1409823499;904255
03094;1409823500;3666
03095;1409823500;104102
03096;1409823500;204580
03097;1409823500;303947
03098;1409823500;404396
03099;1409823500;503801
03100;1409823500;604242
03101;1409823500;703654
03102;1409823500;804095
03103;1409823500;904542
03104;1409823501;3912
03105;1409823501;104367
03106;1409823501;203788
03107;1409823501;304231
03108;1409823501;403633
03109;1409823501;504066
03110;1409823501;604495
03111;1409823501;703870
03112;1409823501;804292
03113;1409823501;903709
03114;1409823502;4194
03115;1409823502;103729
03116;1409823502;204251
03117;1409823502;303677
03118;1409823502;404138
03119;1409823502;504630
03120;1409823502;604034
03121;1409823502;704542
03122;1409823502;803939
03123;1409823502;904352
03124;1409823503;3774
03125;1409823503;104213
03126;1409823503;203615
03127;1409823503;304079
03128;1409823503;404555
03129;1409823503;503940
03130;1409823503;604440
03131;1409823503;703846
03132;1409823503;804315
03133;1409823503;903744
03134;1409823504;4199
03135;1409823504;103628
03136;1409823504;204087
03137;1409823504;304574
03138;1409823504;403960
03139;1409823504;504419
03140;1409823504;603845
03141;1409823504;704258
03142;1409823504;803683
03143;1409823504;904150
03144;1409823505;4650
03145;1409823505;104139
03146;1409823505;204595
03147;1409823505;303984
03148;1409823505;404421
03149;1409823505;503840
03150;1409823505;604297
03151;1409823505;703717
03152;1409823505;804164
03153;1409823505;904638
03154;1409823506;4040
03155;1409823506;104512
03156;1409823506;203926
03157;1409823506;304397
03158;1409823506;403816
03159;1409823506;504268
03160;1409823506;603697
03161;1409823506;704177
03162;1409823506;804676
03163;1409823506;904072
03164;1409823507;4541
03165;1409823507;103918
03166;1409823507;204424
03167;1409823507;303858
03168;1409823507;404320
03169;1409823507;503740
03170;1409823507;604190
03171;1409823507;704676
03172;1409823507;804070
03173;1409823507;904543
03174;1409823508;3869
03175;1409823508;104319
03176;1409823508;203727
03177;1409823508;304163
03178;1409823508;404639
03179;1409823508;504020
03180;1409823508;604476
03181;1409823508;703866
03182;1409823508;804315
03183;1409823508;903720
03184;1409823509;4162
03185;1409823509;104629
03186;1409823509;203973
03187;1409823509;304427
03188;1409823509;403860
03189;1409823509;504320
03190;1409823509;603744
03191;1409823509;704227
03192;1409823509;803670
03193;1409823509;904113
03194;1409823510;4592
03195;1409823510;103965
03196;1409823510;204476
03197;1409823510;303896
03198;1409823510;404351
03199;1409823510;503766
03200;1409823510;604207
03201;1409823510;704678
03202;1409823510;804068
03203;1409823510;904527
03204;1409823511;3908
03205;1409823511;104359
03206;1409823511;203820
03207;1409823511;304279
03208;1409823511;403705
03209;1409823511;504139
03210;1409823511;604636
03211;1409823511;704010
03212;1409823511;804466
03213;1409823511;903869
03214;1409823512;4309
03215;1409823512;103706
03216;1409823512;204192
03217;1409823512;304672
03218;1409823512;404053
03219;1409823512;504546
03220;1409823512;603928
03221;1409823512;704359
03222;1409823512;803763
03223;1409823512;904194
03224;1409823513;4687
03225;1409823513;104042
03226;1409823513;204447
03227;1409823513;303856
03228;1409823513;404250
03229;1409823513;504713
03230;1409823513;604090
03231;1409823513;704587
03232;1409823513;803958
03233;1409823513;904406
03234;1409823514;3809
03235;1409823514;104282
03236;1409823514;204737
03237;1409823514;304075
03238;1409823514;404484
03239;1409823514;503926
03240;1409823514;604325
03241;1409823514;703695
03242;1409823514;804092
03243;1409823514;904538
03244;1409823515;3921
03245;1409823515;104323
03246;1409823515;204746
03247;1409823515;304119
03248;1409823515;404517
03249;1409823515;503927
03250;1409823515;604342
03251;1409823515;703741
03252;1409823515;804136
03253;1409823515;904605
03254;1409823516;3977
03255;1409823516;104430
03256;1409823516;203836
03257;1409823516;304342
03258;1409823516;403781
03259;1409823516;504235
03260;1409823516;604711
03261;1409823516;704114
03262;1409823516;804617
03263;1409823516;903991
03264;1409823517;4432
03265;1409823517;103839
03266;1409823517;204277
03267;1409823517;303741
03268;1409823517;404188
03269;1409823517;504655
03270;1409823517;604026
03271;1409823517;704419
03272;1409823517;803815
03273;1409823517;904245
03274;1409823518;4693
03275;1409823518;104066
03276;1409823518;204481
03277;1409823518;303886
03278;1409823518;404308
03279;1409823518;504771
03280;1409823518;604107
03281;1409823518;704617
03282;1409823518;803997
03283;1409823518;904446
03284;1409823519;3849
03285;1409823519;104301
03286;1409823519;204788
03287;1409823519;304182
03288;1409823519;404664
03289;1409823519;504034
03290;1409823519;604464
03291;1409823519;703868
03292;1409823519;804310
03293;1409823519;904753
03294;1409823520;4120
03295;1409823520;104579
03296;1409823520;203981
03297;1409823520;304407
03298;1409823520;403767
03299;1409823520;504159
03300;1409823520;604618
03301;1409823520;703989
03302;1409823520;804425
03303;1409823520;903864
03304;1409823521;4294
03305;1409823521;104760
03306;1409823521;204132
03307;1409823521;304622
03308;1409823521;404020
03309;1409823521;504451
03310;1409823521;603874
03311;1409823521;704309
03312;1409823521;804756
03313;1409823521;904133
03314;1409823522;4591
03315;1409823522;103989
03316;1409823522;204425
03317;1409823522;303827
03318;1409823522;404260
03319;1409823522;504730
03320;1409823522;604105
03321;1409823522;704615
03322;1409823522;803989
03323;1409823522;904435
03324;1409823523;3863
03325;1409823523;104321
03326;1409823523;204789
03327;1409823523;304245
03328;1409823523;404707
03329;1409823523;504079
03330;1409823523;604532
03331;1409823523;703947
03332;1409823523;804385
03333;1409823523;903787
03334;1409823524;4215
03335;1409823524;104668
03336;1409823524;203985
03337;1409823524;304393
03338;1409823524;404811
03339;1409823524;504143
03340;1409823524;604611
03341;1409823524;704011
03342;1409823524;804457
03343;1409823524;903903
03344;1409823525;4332
03345;1409823525;104802
03346;1409823525;204177
03347;1409823525;304668
03348;1409823525;404046
03349;1409823525;504498
03350;1409823525;603904
03351;1409823525;704329
03352;1409823525;804781
03353;1409823525;904161
03354;1409823526;4640
03355;1409823526;104022
03356;1409823526;204469
03357;1409823526;303942
03358;1409823526;404388
03359;1409823526;504829
03360;1409823526;604168
03361;1409823526;704630
03362;1409823526;803998
03363;1409823526;904447
03364;1409823527;3831
03365;1409823527;104261
03366;1409823527;204744
03367;1409823527;304181
03368;1409823527;404644
03369;1409823527;504042
03370;1409823527;604469
03371;1409823527;703863
03372;1409823527;804294
03373;1409823527;904721
03374;1409823528;4098
03375;1409823528;104579
03376;1409823528;203979
03377;1409823528;304417
03378;1409823528;403821
03379;1409823528;504257
03380;1409823528;604714
03381;1409823528;704091
03382;1409823528;804536
03383;1409823528;903919
03384;1409823529;4351
03385;1409823529;104814
03386;1409823529;204183
03387;1409823529;304641
03388;1409823529;404035
03389;1409823529;504464
03390;1409823529;603858
03391;1409823529;704290
03392;1409823529;804734
03393;1409823529;904105
03394;1409823530;4551
03395;1409823530;103948
03396;1409823530;204377
03397;1409823530;304813
03398;1409823530;404149
03399;1409823530;504580
03400;1409823530;603981
03401;1409823530;704379
03402;1409823530;804806
03403;1409823530;904138
03404;1409823531;4567
03405;1409823531;103939
03406;1409823531;204340
03407;1409823531;304765
03408;1409823531;404096
03409;1409823531;504502
03410;1409823531;603862
03411;1409823531;704262
03412;1409823531;804719
03413;1409823531;904091
03414;1409823532;4545
03415;1409823532;103951
03416;1409823532;204353
03417;1409823532;304801
03418;1409823532;404164
03419;1409823532;504591
03420;1409823532;603992
03421;1409823532;704431
03422;1409823532;804890
03423;1409823532;904276
03424;1409823533;4722
03425;1409823533;104112
03426;1409823533;204571
03427;1409823533;303944
03428;1409823533;404337
03429;1409823533;504753
03430;1409823533;604053
03431;1409823533;704455
03432;1409823533;804866
03433;1409823533;904230
03434;1409823534;4648
03435;1409823534;104052
03436;1409823534;204469
03437;1409823534;304899
03438;1409823534;404239
03439;1409823534;504658
03440;1409823534;604069
03441;1409823534;704473
03442;1409823534;804886
03443;1409823534;904226
03444;1409823535;4644
03445;1409823535;104066
03446;1409823535;204471
03447;1409823535;304894
03448;1409823535;404229
03449;1409823535;504647
03450;1409823535;604060
03451;1409823535;704464
03452;1409823535;804879
03453;1409823535;904228
03454;1409823536;4682
03455;1409823536;104087
03456;1409823536;204490
03457;1409823536;304911
03458;1409823536;404248
03459;1409823536;504655
03460;1409823536;604063
03461;1409823536;704464
03462;1409823536;804884
03463;1409823536;904184
03464;1409823537;4614
03465;1409823537;104035
03466;1409823537;204474
03467;1409823537;304919
03468;1409823537;404291
03469;1409823537;504742
03470;1409823537;604119
03471;1409823537;704574
03472;1409823537;803967
03473;1409823537;904397
03474;1409823538;4840
03475;1409823538;104215
03476;1409823538;204679
03477;1409823538;304088
03478;1409823538;404527
03479;1409823538;503928
03480;1409823538;604361
03481;1409823538;704843
03482;1409823538;804212
03483;1409823538;904679
03484;1409823539;4080
03485;1409823539;104521
03486;1409823539;203929
03487;1409823539;304368
03488;1409823539;404810
03489;1409823539;504186
03490;1409823539;604666
03491;1409823539;704071
03492;1409823539;804520
03493;1409823539;903921
03494;1409823540;4356
03495;1409823540;104824
03496;1409823540;204197
03497;1409823540;304753
03498;1409823540;404141
03499;1409823540;504581
03500;1409823540;603945
03501;1409823540;704328
03502;1409823540;804759
03503;1409823540;904149
03504;1409823541;4574
03505;1409823541;103946
03506;1409823541;204333
03507;1409823541;304737
03508;1409823541;404155
03509;1409823541;504579
03510;1409823541;603935
03511;1409823541;704380
03512;1409823541;804831
03513;1409823541;904209
03514;1409823542;4683
03515;1409823542;104086
03516;1409823542;204526
03517;1409823542;303984
03518;1409823542;404411
03519;1409823542;504857
03520;1409823542;604231
03521;1409823542;704695
03522;1409823542;804103
03523;1409823542;904533
03524;1409823543;4976
03525;1409823543;104326
03526;1409823543;204772
03527;1409823543;304165
03528;1409823543;404681
03529;1409823543;504091
03530;1409823543;604527
03531;1409823543;703969
03532;1409823543;804400
03533;1409823543;904848
03534;1409823544;4213
03535;1409823544;104676
03536;1409823544;204084
03537;1409823544;304533
03538;1409823544;404984
03539;1409823544;504328
03540;1409823544;604777
03541;1409823544;704170
03542;1409823544;804632
03543;1409823544;904040
03544;1409823545;4474
03545;1409823545;104929
03546;1409823545;204300
03547;1409823545;304758
03548;1409823545;404161
03549;1409823545;504614
03550;1409823545;604035
03551;1409823545;704486
03552;1409823545;804937
03553;1409823545;904310
03554;1409823546;4744
03555;1409823546;104143
03556;1409823546;204598
03557;1409823546;303999
03558;1409823546;404427
03559;1409823546;504889
03560;1409823546;604263
03561;1409823546;704727
03562;1409823546;804151
03563;1409823546;904607
03564;1409823547;4015
03565;1409823547;104425
03566;1409823547;204904
03567;1409823547;304336
03568;1409823547;404785
03569;1409823547;504193
03570;1409823547;604655
03571;1409823547;704066
03572;1409823547;804526
03573;1409823547;904992
03574;1409823548;4374
03575;1409823548;104845
03576;1409823548;204207
03577;1409823548;304680
03578;1409823548;404077
03579;1409823548;504509
03580;1409823548;604966
03581;1409823548;704347
03582;1409823548;804787
03583;1409823548;904191
03584;1409823549;4642
03585;1409823549;104061
03586;1409823549;204509
03587;1409823549;303986
03588;1409823549;404423
03589;1409823549;504875
03590;1409823549;604272
03591;1409823549;704741
03592;1409823549;804155
03593;1409823549;904624
03594;1409823550;4036
03595;1409823550;104485
03596;1409823550;204935
03597;1409823550;304299
03598;1409823550;404732
03599;1409823550;504134
03600;1409823550;604635
03601;1409823550;704036
03602;1409823550;804484
03603;1409823550;904941
03604;1409823551;4321
03605;1409823551;104811
03606;1409823551;204223
03607;1409823551;304643
03608;1409823551;404012
03609;1409823551;504397
03610;1409823551;604802
03611;1409823551;704215
03612;1409823551;804627
03613;1409823551;905059
03614;1409823552;4435
03615;1409823552;104892
03616;1409823552;204264
03617;1409823552;304731
03618;1409823552;404136
03619;1409823552;504573
03620;1409823552;605035
03621;1409823552;704375
03622;1409823552;804826
03623;1409823552;904226
03624;1409823553;4672
03625;1409823553;104078
03626;1409823553;204519
03627;1409823553;305038
03628;1409823553;404383
03629;1409823553;504829
03630;1409823553;604237
03631;1409823553;704682
03632;1409823553;804075
03633;1409823553;904508
03634;1409823554;4960
03635;1409823554;104303
03636;1409823554;204748
03637;1409823554;304153
03638;1409823554;404578
03639;1409823554;505000
03640;1409823554;604343
03641;1409823554;704791
03642;1409823554;804203
03643;1409823554;904636
03644;1409823555;5055
03645;1409823555;104453
03646;1409823555;204867
03647;1409823555;304254
03648;1409823555;404713
03649;1409823555;504135
03650;1409823555;604639
03651;1409823555;705092
03652;1409823555;804428
03653;1409823555;904845
03654;1409823556;4265
03655;1409823556;104715
03656;1409823556;204157
03657;1409823556;304682
03658;1409823556;404052
03659;1409823556;504435
03660;1409823556;604879
03661;1409823556;704285
03662;1409823556;804695
03663;1409823556;904066
03664;1409823557;4442
03665;1409823557;104860
03666;1409823557;204243
03667;1409823557;304663
03668;1409823557;405071
03669;1409823557;504377
03670;1409823557;604786
03671;1409823557;704186
03672;1409823557;804614
03673;1409823557;905037
03674;1409823558;4412
03675;1409823558;104828
03676;1409823558;204229
03677;1409823558;304645
03678;1409823558;405073
03679;1409823558;504375
03680;1409823558;604837
03681;1409823558;704252
03682;1409823558;804752
03683;1409823558;904158
03684;1409823559;4654
03685;1409823559;105105
03686;1409823559;204479
03687;1409823559;304909
03688;1409823559;404289
03689;1409823559;504706
03690;1409823559;604089
03691;1409823559;704500
03692;1409823559;804919
03693;1409823559;904309
03694;1409823560;4722
03695;1409823560;104104
03696;1409823560;204502
03697;1409823560;304932
03698;1409823560;404330
03699;1409823560;504777
03700;1409823560;604186
03701;1409823560;704646
03702;1409823560;805119
03703;1409823560;904527
03704;1409823561;4997
03705;1409823561;104380
03706;1409823561;204835
03707;1409823561;304284
03708;1409823561;404742
03709;1409823561;504153
03710;1409823561;604615
03711;1409823561;705084
03712;1409823561;804505
03713;1409823561;904955
03714;1409823562;4326
03715;1409823562;104773
03716;1409823562;204222
03717;1409823562;304675
03718;1409823562;404103
03719;1409823562;504558
03720;1409823562;605024
03721;1409823562;704412
03722;1409823562;804875
03723;1409823562;904279
03724;1409823563;4727
03725;1409823563;104154
03726;1409823563;204630
03727;1409823563;304113
03728;1409823563;404588
03729;1409823563;505049
03730;1409823563;604426
03731;1409823563;704882
03732;1409823563;804279
03733;1409823563;904737
03734;1409823564;4144
03735;1409823564;104608
03736;1409823564;205070
03737;1409823564;304483
03738;1409823564;404937
03739;1409823564;504319
03740;1409823564;604769
03741;1409823564;704183
03742;1409823564;804645
03743;1409823564;905098
03744;1409823565;4537
03745;1409823565;105004
03746;1409823565;204390
03747;1409823565;304837
03748;1409823565;404244
03749;1409823565;504691
03750;1409823565;605127
03751;1409823565;704532
03752;1409823565;804991
03753;1409823565;904358
03754;1409823566;4806
03755;1409823566;104212
03756;1409823566;204697
03757;1409823566;304172
03758;1409823566;404704
03759;1409823566;505172
03760;1409823566;604587
03761;1409823566;705049
03762;1409823566;804340
03763;1409823566;904747
03764;1409823567;5177
03765;1409823567;104585
03766;1409823567;205092
03767;1409823567;304433
03768;1409823567;404876
03769;1409823567;504297
03770;1409823567;604701
03771;1409823567;705125
03772;1409823567;804551
03773;1409823567;905013
03774;1409823568;4395
03775;1409823568;104859
03776;1409823568;204252
03777;1409823568;304727
03778;1409823568;404145
03779;1409823568;504605
03780;1409823568;605064
03781;1409823568;704418
03782;1409823568;804881
03783;1409823568;904269
03784;1409823569;4734
03785;1409823569;105191
03786;1409823569;204609
03787;1409823569;305061
03788;1409823569;404413
03789;1409823569;504854
03790;1409823569;604262
03791;1409823569;704722
03792;1409823569;805180
03793;1409823569;904568
03794;1409823570;5017
03795;1409823570;104402
03796;1409823570;204850
03797;1409823570;304260
03798;1409823570;404711
03799;1409823570;505204
03800;1409823570;604611
03801;1409823570;705080
03802;1409823570;804494
03803;1409823570;904949
03804;1409823571;4373
03805;1409823571;104835
03806;1409823571;204259
03807;1409823571;304733
03808;1409823571;405206
03809;1409823571;504613
03810;1409823571;605070
03811;1409823571;704468
03812;1409823571;804905
03813;1409823571;904321
03814;1409823572;4766
03815;1409823572;104173
03816;1409823572;204616
03817;1409823572;305133
03818;1409823572;404526
03819;1409823572;504986
03820;1409823572;604393
03821;1409823572;704793
03822;1409823572;804194
03823;1409823572;904640
03824;1409823573;5091
03825;1409823573;104522
03826;1409823573;204978
03827;1409823573;304389
03828;1409823573;404832
03829;1409823573;504239
03830;1409823573;604681
03831;1409823573;705160
03832;1409823573;804582
03833;1409823573;905038
03834;1409823574;4413
03835;1409823574;104860
03836;1409823574;204262
03837;1409823574;304801
03838;1409823574;404232
03839;1409823574;504700
03840;1409823574;605173
03841;1409823574;704576
03842;1409823574;805036
03843;1409823574;904422
03844;1409823575;4867
03845;1409823575;104287
03846;1409823575;204760
03847;1409823575;304233
03848;1409823575;404680
03849;1409823575;505139
03850;1409823575;604502
03851;1409823575;704949
03852;1409823575;804327
03853;1409823575;904774
03854;1409823576;5228
03855;1409823576;104614
03856;1409823576;205045
03857;1409823576;304406
03858;1409823576;404876
03859;1409823576;504274
03860;1409823576;604734
03861;1409823576;705215
03862;1409823576;804581
03863;1409823576;905050
03864;1409823577;4435
03865;1409823577;104894
03866;1409823577;204278
03867;1409823577;304791
03868;1409823577;405257
03869;1409823577;504682
03870;1409823577;605160
03871;1409823577;704563
03872;1409823577;805025
03873;1409823577;904439
03874;1409823578;4893
03875;1409823578;104274
03876;1409823578;204720
03877;1409823578;305183
03878;1409823578;404581
03879;1409823578;505041
03880;1409823578;604416
03881;1409823578;704879
03882;1409823578;804287
03883;1409823578;904584
03884;1409823579;4870
03885;1409823579;105198
03886;1409823579;204529
03887;1409823579;305087
03888;1409823579;404558
03889;1409823579;505017
03890;1409823579;604437
03891;1409823579;704883
03892;1409823579;804291
03893;1409823579;904726
03894;1409823580;5182
03895;1409823580;104530
03896;1409823580;205050
03897;1409823580;304461
03898;1409823580;404870
03899;1409823580;505291
03900;1409823580;604634
03901;1409823580;705052
03902;1409823580;804392
03903;1409823580;904794
03904;1409823581;5207
03905;1409823581;104601
03906;1409823581;205013
03907;1409823581;304375
03908;1409823581;404806
03909;1409823581;505233
03910;1409823581;604621
03911;1409823581;705039
03912;1409823581;804506
03913;1409823581;904918
03914;1409823582;4294
03915;1409823582;104703
03916;1409823582;205136
03917;1409823582;304524
03918;1409823582;404991
03919;1409823582;504408
03920;1409823582;604859
03921;1409823582;704274
03922;1409823582;804726
03923;1409823582;905190
03924;1409823583;4595
03925;1409823583;105048
03926;1409823583;204473
03927;1409823583;304921
03928;1409823583;404339
03929;1409823583;504797
03930;1409823583;605267
03931;1409823583;704635
03932;1409823583;805097
03933;1409823583;904475
03934;1409823584;4919
03935;1409823584;104330
03936;1409823584;204772
03937;1409823584;305292
03938;1409823584;404696
03939;1409823584;505177
03940;1409823584;604607
03941;1409823584;705070
03942;1409823584;804461
03943;1409823584;904901
03944;1409823585;4320
03945;1409823585;104756
03946;1409823585;205206
03947;1409823585;304627
03948;1409823585;405070
03949;1409823585;504463
03950;1409823585;604904
03951;1409823585;704297
03952;1409823585;804725
03953;1409823585;905167
03954;1409823586;4526
03955;1409823586;104967
03956;1409823586;204458
03957;1409823586;304975
03958;1409823586;404367
03959;1409823586;504809
03960;1409823586;605280
03961;1409823586;704680
03962;1409823586;805135
03963;1409823586;904525
03964;1409823587;4975
03965;1409823587;104383
03966;1409823587;204860
03967;1409823587;305323
03968;1409823587;404707
03969;1409823587;505178
03970;1409823587;604574
03971;1409823587;705019
03972;1409823587;804437
03973;1409823587;904879
03974;1409823588;5330
03975;1409823588;104737
03976;1409823588;205195
03977;1409823588;304587
03978;1409823588;405040
03979;1409823588;504446
03980;1409823588;604889
03981;1409823588;705302
03982;1409823588;804660
03983;1409823588;905106
03984;1409823589;4525
03985;1409823589;104971
03986;1409823589;204389
03987;1409823589;304827
03988;1409823589;405277
03989;1409823589;504665
03990;1409823589;605086
03991;1409823589;704514
03992;1409823589;804926
03993;1409823589;905362
03994;1409823590;4705
03995;1409823590;105125
03996;1409823590;204539
03997;1409823590;305069
03998;1409823590;404487
03999;1409823590;504942
04000;1409823590;604329
04001;1409823590;704774
04002;1409823590;805239
04003;1409823590;904626
04004;1409823591;5088
04005;1409823591;104509
04006;1409823591;204996
04007;1409823591;304439
04008;1409823591;404883
04009;1409823591;505321
04010;1409823591;604704
04011;1409823591;705169
04012;1409823591;804571
04013;1409823591;904994
04014;1409823592;4399
04015;1409823592;104835
04016;1409823592;205294
04017;1409823592;304679
04018;1409823592;405126
04019;1409823592;504574
04020;1409823592;605047
04021;1409823592;704463
04022;1409823592;804870
04023;1409823592;905314
04024;1409823593;4700
04025;1409823593;105166
04026;1409823593;204571
04027;1409823593;305095
04028;1409823593;404485
04029;1409823593;504931
04030;1409823593;605388
04031;1409823593;704782
04032;1409823593;805240
04033;1409823593;904624
04034;1409823594;5092
04035;1409823594;104541
04036;1409823594;204979
04037;1409823594;304390
04038;1409823594;404825
04039;1409823594;505280
04040;1409823594;604664
04041;1409823594;705117
04042;1409823594;804534
04043;1409823594;904980
04044;1409823595;4372
04045;1409823595;104816
04046;1409823595;205314
04047;1409823595;304699
04048;1409823595;405160
04049;1409823595;504576
04050;1409823595;605026
04051;1409823595;704429
04052;1409823595;804868
04053;1409823595;905316
04054;1409823596;4702
04055;1409823596;105151
04056;1409823596;204561
04057;1409823596;305073
04058;1409823596;404504
04059;1409823596;504946
04060;1409823596;605375
04061;1409823596;704754
04062;1409823596;805247
04063;1409823596;904636
04064;1409823597;5050